[/bin/bash] ## This is shankaras1 on #HOSTNAME and job ID 2437376
[/bin/bash] Current working directory: /home/shankaras1/data1/python_files/BLG
[/bin/bash] Running Python script
PROCESSES = 32
omega = 1.3346e-05 entered
omega = 4.87559e-05 entered
omega = 5.62645e-06 entered
omega = 8.66549e-06 entered
omega = 3.65322e-06 entered
omega = 1.54013e-06 entered
omega = 1e-06 entered
omega = 2.37201e-06 entered
omega = 2.05547e-05 entered
omega = 0.000178116 entered
omega = 7.50907e-05 entered
omega = 0.00011565 entered
omega = 0.423407 entered
omega = 0.000422494 entered
omega = 0.00100216 entered
omega = 0.0205991 entered
omega = 0.652104 entered
omega = 0.000650698 entered
omega = 3.16569e-05 entered
omega = 0.000274323 entered
omega = 0.00154346 entered
omega = 0.00237714 entered
omega = 0.00366112 entered
omega = 0.00563861 entered
omega = 0.00868422 entered
omega = 0.0133749 entered
omega = 0.0317254 entered
omega = 0.178501 entered
omega = 0.274916 entered
omega = 0.075253 entered
omega = 0.0488613 entered
omega = 0.1159 entered
omega = 0.0133749 finished in 699.520664489999 seconds.
omega = 0.0134328 entered
omega = 0.652104 finished in 744.9007733569997 seconds.
omega = 0.654926 entered
/data1/shankaras1/python_files/BLG/v3_RGF_BBG.py:235: IntegrationWarning: The integral is probably divergent, or slowly convergent.
  intlist = [quad(call_int,window[0],window[1],limit=200,epsabs=delta)[0] for window in ranges]
/data1/shankaras1/python_files/BLG/v3_RGF_BBG.py:235: IntegrationWarning: The integral is probably divergent, or slowly convergent.
  intlist = [quad(call_int,window[0],window[1],limit=200,epsabs=delta)[0] for window in ranges]
/data1/shankaras1/python_files/BLG/v3_RGF_BBG.py:235: IntegrationWarning: The integral is probably divergent, or slowly convergent.
  intlist = [quad(call_int,window[0],window[1],limit=200,epsabs=delta)[0] for window in ranges]
/data1/shankaras1/python_files/BLG/v3_RGF_BBG.py:235: IntegrationWarning: The integral is probably divergent, or slowly convergent.
  intlist = [quad(call_int,window[0],window[1],limit=200,epsabs=delta)[0] for window in ranges]
/data1/shankaras1/python_files/BLG/v3_RGF_BBG.py:235: IntegrationWarning: The integral is probably divergent, or slowly convergent.
  intlist = [quad(call_int,window[0],window[1],limit=200,epsabs=delta)[0] for window in ranges]
/data1/shankaras1/python_files/BLG/v3_RGF_BBG.py:235: IntegrationWarning: The integral is probably divergent, or slowly convergent.
  intlist = [quad(call_int,window[0],window[1],limit=200,epsabs=delta)[0] for window in ranges]
omega = 0.00868422 finished in 779.4395113940009 seconds.
omega = 0.00872181 entered
omega = 0.00154346 finished in 791.1199180850017 seconds.
omega = 0.00155014 entered
omega = 0.075253 finished in 793.3531044800002 seconds.
omega = 0.0755787 entered
/data1/shankaras1/python_files/BLG/v3_RGF_BBG.py:235: IntegrationWarning: The integral is probably divergent, or slowly convergent.
  intlist = [quad(call_int,window[0],window[1],limit=200,epsabs=delta)[0] for window in ranges]
/data1/shankaras1/python_files/BLG/v3_RGF_BBG.py:235: IntegrationWarning: The integral is probably divergent, or slowly convergent.
  intlist = [quad(call_int,window[0],window[1],limit=200,epsabs=delta)[0] for window in ranges]
/data1/shankaras1/python_files/BLG/v3_RGF_BBG.py:235: IntegrationWarning: The integral is probably divergent, or slowly convergent.
  intlist = [quad(call_int,window[0],window[1],limit=200,epsabs=delta)[0] for window in ranges]
omega = 0.00237714 finished in 812.5343964690001 seconds.
omega = 0.00238743 entered
omega = 0.00366112 finished in 825.4994503989983 seconds.
omega = 0.00367696 entered
/data1/shankaras1/python_files/BLG/v3_RGF_BBG.py:235: IntegrationWarning: The integral is probably divergent, or slowly convergent.
  intlist = [quad(call_int,window[0],window[1],limit=200,epsabs=delta)[0] for window in ranges]
/data1/shankaras1/python_files/BLG/v3_RGF_BBG.py:235: IntegrationWarning: The integral is probably divergent, or slowly convergent.
  intlist = [quad(call_int,window[0],window[1],limit=200,epsabs=delta)[0] for window in ranges]
/data1/shankaras1/python_files/BLG/v3_RGF_BBG.py:235: IntegrationWarning: The integral is probably divergent, or slowly convergent.
  intlist = [quad(call_int,window[0],window[1],limit=200,epsabs=delta)[0] for window in ranges]
omega = 0.1159 finished in 836.5694226790001 seconds.
omega = 0.116401 entered
omega = 0.274916 finished in 838.7967261459999 seconds.
omega = 0.276106 entered
omega = 8.66549e-06 finished in 839.4653402139993 seconds.
omega = 8.70299e-06 entered
/data1/shankaras1/python_files/BLG/v3_RGF_BBG.py:235: IntegrationWarning: The integral is probably divergent, or slowly convergent.
  intlist = [quad(call_int,window[0],window[1],limit=200,epsabs=delta)[0] for window in ranges]
omega = 1.3346e-05 finished in 844.6876065830002 seconds.
omega = 1.34038e-05 entered
omega = 0.0205991 finished in 847.7248539090033 seconds.
omega = 0.0206882 entered
/data1/shankaras1/python_files/BLG/v3_RGF_BBG.py:235: IntegrationWarning: The integral is probably divergent, or slowly convergent.
  intlist = [quad(call_int,window[0],window[1],limit=200,epsabs=delta)[0] for window in ranges]
omega = 1e-06 finished in 856.8979133970024 seconds.
omega = 1.00433e-06 entered
omega = 0.000274323 finished in 867.4322366929991 seconds.
omega = 0.00027551 entered
/data1/shankaras1/python_files/BLG/v3_RGF_BBG.py:235: IntegrationWarning: The integral is probably divergent, or slowly convergent.
  intlist = [quad(call_int,window[0],window[1],limit=200,epsabs=delta)[0] for window in ranges]
/data1/shankaras1/python_files/BLG/v3_RGF_BBG.py:235: IntegrationWarning: The integral is probably divergent, or slowly convergent.
  intlist = [quad(call_int,window[0],window[1],limit=200,epsabs=delta)[0] for window in ranges]
omega = 5.62645e-06 finished in 879.6699559080007 seconds.
omega = 5.6508e-06 entered
omega = 0.00100216 finished in 889.4436420759994 seconds.
omega = 0.0010065 entered
omega = 0.00563861 finished in 901.7767999650023 seconds.
omega = 0.00566302 entered
omega = 2.37201e-06 finished in 903.0915918550018 seconds.
omega = 2.38228e-06 entered
omega = 0.0317254 finished in 913.2596309660003 seconds.
omega = 0.0318627 entered
omega = 0.000178116 finished in 916.0253089729995 seconds.
omega = 0.000178887 entered
omega = 3.16569e-05 finished in 916.7961476540004 seconds.
omega = 3.17939e-05 entered
omega = 0.178501 finished in 931.2855869010018 seconds.
omega = 0.179274 entered
omega = 2.05547e-05 finished in 933.1554033229986 seconds.
omega = 2.06436e-05 entered
omega = 4.87559e-05 finished in 939.6344463720015 seconds.
omega = 4.8967e-05 entered
omega = 7.50907e-05 finished in 941.9313852529995 seconds.
omega = 7.54157e-05 entered
omega = 3.65322e-06 finished in 946.3549317809993 seconds.
omega = 3.66903e-06 entered
omega = 0.00011565 finished in 951.5465767780006 seconds.
omega = 0.00011615 entered
omega = 1.54013e-06 finished in 955.9594842289989 seconds.
omega = 1.5468e-06 entered
omega = 0.0488613 finished in 962.3022091340026 seconds.
omega = 0.0490728 entered
omega = 0.423407 finished in 996.6610719130003 seconds.
omega = 0.42524 entered
omega = 0.000422494 finished in 1040.8531298609996 seconds.
omega = 0.000424323 entered
omega = 0.0134328 finished in 343.2442963290014 seconds.
omega = 0.0134909 entered
/data1/shankaras1/python_files/BLG/v3_RGF_BBG.py:235: IntegrationWarning: The maximum number of subdivisions (200) has been achieved.
  If increasing the limit yields no improvement it is advised to analyze 
  the integrand in order to determine the difficulties.  If the position of a 
  local difficulty can be determined (singularity, discontinuity) one will 
  probably gain from splitting up the interval and calling the integrator 
  on the subranges.  Perhaps a special-purpose integrator should be used.
  intlist = [quad(call_int,window[0],window[1],limit=200,epsabs=delta)[0] for window in ranges]
omega = 0.000650698 finished in 1177.8153517300016 seconds.
omega = 0.000653514 entered
omega = 0.654926 finished in 602.9123568649993 seconds.
omega = 0.657761 entered
omega = 0.0755787 finished in 737.6314468750024 seconds.
omega = 0.0759058 entered
omega = 0.116401 finished in 716.092772404998 seconds.
omega = 0.116905 entered
omega = 2.38228e-06 finished in 694.0808139030014 seconds.
omega = 2.39259e-06 entered
omega = 0.0206882 finished in 752.8363489160001 seconds.
omega = 0.0207778 entered
omega = 0.276106 finished in 768.1823683920011 seconds.
omega = 0.277301 entered
omega = 0.0318627 finished in 704.9321327029975 seconds.
omega = 0.0320006 entered
omega = 0.00872181 finished in 859.6354307590009 seconds.
omega = 0.00875955 entered
omega = 1.34038e-05 finished in 796.8763168789992 seconds.
omega = 1.34618e-05 entered
omega = 0.00566302 finished in 747.2659209810008 seconds.
omega = 0.00568753 entered
omega = 2.06436e-05 finished in 724.737389545 seconds.
omega = 2.0733e-05 entered
omega = 0.00155014 finished in 889.3875264849994 seconds.
omega = 0.00155685 entered
omega = 0.00011615 finished in 789.9418431360027 seconds.
omega = 0.000116653 entered
omega = 0.00238743 finished in 929.8324315909995 seconds.
omega = 0.00239776 entered
omega = 0.0010065 finished in 855.3119318230019 seconds.
omega = 0.00101086 entered
omega = 0.179274 finished in 831.4605195589975 seconds.
omega = 0.18005 entered
omega = 1.00433e-06 finished in 915.4037310300009 seconds.
omega = 1.00867e-06 entered
omega = 3.17939e-05 finished in 864.4739549049991 seconds.
omega = 3.19316e-05 entered
omega = 7.54157e-05 finished in 854.747077131 seconds.
omega = 7.57421e-05 entered
omega = 0.00027551 finished in 932.098932937999 seconds.
omega = 0.000276703 entered
omega = 3.66903e-06 finished in 853.6521564389986 seconds.
omega = 3.68491e-06 entered
omega = 8.70299e-06 finished in 1006.1012364800008 seconds.
omega = 8.74066e-06 entered
omega = 0.42524 finished in 849.4431991860001 seconds.
omega = 0.42708 entered
omega = 0.00367696 finished in 1027.7342404789997 seconds.
omega = 0.00369288 entered
omega = 0.0490728 finished in 973.3638239989996 seconds.
omega = 0.0492852 entered
omega = 0.0134909 finished in 902.8078297899992 seconds.
omega = 0.0135493 entered
omega = 4.8967e-05 finished in 1020.8307777990012 seconds.
omega = 4.91789e-05 entered
omega = 5.6508e-06 finished in 1215.6090004860016 seconds.
omega = 5.67526e-06 entered
omega = 0.000424323 finished in 1085.5500225899996 seconds.
omega = 0.000426159 entered
omega = 0.000178887 finished in 1238.7270043870012 seconds.
omega = 0.000179661 entered
omega = 0.116905 finished in 669.2631440149999 seconds.
omega = 0.117411 entered
omega = 0.00568753 finished in 575.3068768749981 seconds.
omega = 0.00571214 entered
omega = 2.0733e-05 finished in 604.4688559850001 seconds.
omega = 2.08227e-05 entered
omega = 2.39259e-06 finished in 667.4000037740007 seconds.
omega = 2.40295e-06 entered
omega = 0.0207778 finished in 672.7910781570026 seconds.
omega = 0.0208677 entered
omega = 0.0320006 finished in 678.3673043569979 seconds.
omega = 0.0321391 entered
omega = 0.277301 finished in 692.7128280159995 seconds.
omega = 0.278501 entered
omega = 0.00875955 finished in 733.5723697799986 seconds.
omega = 0.00879747 entered
omega = 0.00369288 finished in 576.4256813389984 seconds.
omega = 0.00370886 entered
omega = 1.5468e-06 finished in 1516.4328945570014 seconds.
omega = 1.55349e-06 entered
omega = 0.0759058 finished in 980.228190408001 seconds.
omega = 0.0762343 entered
omega = 0.18005 finished in 780.520717809999 seconds.
omega = 0.180829 entered
omega = 7.57421e-05 finished in 785.6634809440002 seconds.
omega = 7.60699e-05 entered
omega = 0.000653514 finished in 1434.0433070730032 seconds.
omega = 0.000656342 entered
omega = 3.19316e-05 finished in 853.7731382330021 seconds.
omega = 3.20698e-05 entered
omega = 3.68491e-06 finished in 898.4300715000027 seconds.
omega = 3.70086e-06 entered
omega = 0.000116653 finished in 981.5204926629995 seconds.
omega = 0.000117158 entered
omega = 8.74066e-06 finished in 944.5117230770011 seconds.
omega = 8.77849e-06 entered
omega = 0.0492852 finished in 883.0792786399979 seconds.
omega = 0.0494985 entered
omega = 0.42708 finished in 976.1063723570005 seconds.
omega = 0.428929 entered
omega = 0.000276703 finished in 1034.4992908400018 seconds.
omega = 0.0002779 entered
omega = 1.00867e-06 finished in 1085.6688860899994 seconds.
omega = 1.01304e-06 entered
omega = 1.34618e-05 finished in 1232.9327182230008 seconds.
omega = 1.35201e-05 entered
omega = 0.00571214 finished in 678.2268775060002 seconds.
omega = 0.00573686 entered
omega = 0.00101086 finished in 1175.9784025240006 seconds.
omega = 0.00101523 entered
omega = 0.00155685 finished in 1280.4374532729998 seconds.
omega = 0.00156359 entered
omega = 4.91789e-05 finished in 1000.7564082419995 seconds.
omega = 4.93917e-05 entered
omega = 0.00239776 finished in 1240.8575205870002 seconds.
omega = 0.00240814 entered
omega = 0.278501 finished in 725.0062448060016 seconds.
omega = 0.279706 entered
omega = 2.40295e-06 finished in 762.5269866369999 seconds.
omega = 2.41335e-06 entered
omega = 0.0321391 finished in 733.2213570430031 seconds.
omega = 0.0322782 entered
omega = 0.000179661 finished in 879.8727583649998 seconds.
omega = 0.000180439 entered
omega = 0.117411 finished in 830.3930498599984 seconds.
omega = 0.117919 entered
omega = 0.0208677 finished in 804.6501809369984 seconds.
omega = 0.020958 entered
omega = 2.08227e-05 finished in 825.0025259110007 seconds.
omega = 2.09128e-05 entered
omega = 5.67526e-06 finished in 1051.1239589840006 seconds.
omega = 5.69982e-06 entered
omega = 0.000426159 finished in 1022.993054808001 seconds.
omega = 0.000428004 entered
omega = 0.00879747 finished in 779.3623895220007 seconds.
omega = 0.00883554 entered
omega = 0.00370886 finished in 847.1666572389986 seconds.
omega = 0.00372491 entered
omega = 0.180829 finished in 796.1896081249979 seconds.
omega = 0.181612 entered
omega = 0.657761 finished in 2063.6799291669995 seconds.
omega = 0.660608 entered
omega = 7.60699e-05 finished in 846.381465708997 seconds.
omega = 7.63991e-05 entered
omega = 3.70086e-06 finished in 823.169353248999 seconds.
omega = 3.71688e-06 entered
omega = 3.20698e-05 finished in 921.2805692290021 seconds.
omega = 3.22086e-05 entered
omega = 0.0494985 finished in 741.8043429829995 seconds.
omega = 0.0497127 entered
omega = 0.00573686 finished in 660.2643981200017 seconds.
omega = 0.00576169 entered
omega = 0.428929 finished in 742.4788217219975 seconds.
omega = 0.430785 entered
omega = 0.00101523 finished in 699.4533599729984 seconds.
omega = 0.00101962 entered
omega = 0.000117158 finished in 914.5449825860014 seconds.
omega = 0.000117665 entered
omega = 0.0762343 finished in 1146.281043903 seconds.
omega = 0.0765643 entered
omega = 8.77849e-06 finished in 918.4547240499996 seconds.
omega = 8.81648e-06 entered
omega = 0.00240814 finished in 752.2600723540017 seconds.
omega = 0.00241856 entered
omega = 2.41335e-06 finished in 711.6553066060005 seconds.
omega = 2.42379e-06 entered
omega = 1.55349e-06 finished in 1268.542441900001 seconds.
omega = 1.56022e-06 entered
omega = 0.279706 finished in 717.875546528001 seconds.
omega = 0.280917 entered
omega = 4.93917e-05 finished in 791.7622474039999 seconds.
omega = 4.96055e-05 entered
omega = 0.0322782 finished in 744.2622960260014 seconds.
omega = 0.0324179 entered
omega = 1.35201e-05 finished in 917.6344539090023 seconds.
omega = 1.35786e-05 entered
omega = 0.000180439 finished in 766.839446121001 seconds.
omega = 0.00018122 entered
omega = 0.117919 finished in 783.4944998940009 seconds.
omega = 0.11843 entered
omega = 0.0002779 finished in 1030.470344682999 seconds.
omega = 0.000279103 entered
omega = 0.020958 finished in 788.3405998480011 seconds.
omega = 0.0210487 entered
omega = 0.0135493 finished in 1958.0512922419985 seconds.
omega = 0.0136079 entered
omega = 0.00883554 finished in 829.2793828770009 seconds.
omega = 0.00887378 entered
omega = 5.69982e-06 finished in 863.549810433 seconds.
omega = 5.72449e-06 entered
omega = 2.09128e-05 finished in 934.0434779729985 seconds.
omega = 2.10033e-05 entered
omega = 0.00156359 finished in 1083.3149105979974 seconds.
omega = 0.00157036 entered
omega = 0.000428004 finished in 924.5602937750009 seconds.
omega = 0.000429856 entered
omega = 0.00372491 finished in 812.8523623469991 seconds.
omega = 0.00374103 entered
omega = 0.181612 finished in 781.4551309470007 seconds.
omega = 0.182398 entered
omega = 1.01304e-06 finished in 1285.2139867259975 seconds.
omega = 1.01742e-06 entered
omega = 7.63991e-05 finished in 777.0600616000011 seconds.
omega = 7.67298e-05 entered
omega = 0.000656342 finished in 1594.6454353909976 seconds.
omega = 0.000659183 entered
omega = 3.22086e-05 finished in 759.1162065649987 seconds.
omega = 3.2348e-05 entered
omega = 0.00101962 finished in 736.3610212580024 seconds.
omega = 0.00102404 entered
omega = 0.00576169 finished in 834.6423188070003 seconds.
omega = 0.00578663 entered
omega = 3.71688e-06 finished in 883.8309252369982 seconds.
omega = 3.73296e-06 entered
omega = 0.430785 finished in 861.6061260889983 seconds.
omega = 0.43265 entered
omega = 0.0497127 finished in 890.5100260420004 seconds.
omega = 0.0499279 entered
omega = 0.280917 finished in 730.6899361140022 seconds.
omega = 0.282133 entered
omega = 0.0765643 finished in 816.7065917699983 seconds.
omega = 0.0768957 entered
omega = 0.00241856 finished in 760.2431463629982 seconds.
omega = 0.00242903 entered
omega = 0.11843 finished in 713.1552764609987 seconds.
omega = 0.118942 entered
omega = 0.0324179 finished in 819.543190067001 seconds.
omega = 0.0325582 entered
omega = 2.42379e-06 finished in 892.5054731929995 seconds.
omega = 2.43428e-06 entered
omega = 0.000117665 finished in 1016.5524341870005 seconds.
omega = 0.000118174 entered
omega = 4.96055e-05 finished in 912.0891857589995 seconds.
omega = 4.98202e-05 entered
omega = 0.00018122 finished in 877.9089898830025 seconds.
omega = 0.000182004 entered
omega = 8.81648e-06 finished in 1033.5488444339971 seconds.
omega = 8.85464e-06 entered
omega = 0.00887378 finished in 769.3122064249983 seconds.
omega = 0.00891219 entered
omega = 1.35786e-05 finished in 1000.2840906019992 seconds.
omega = 1.36373e-05 entered
omega = 0.0210487 finished in 938.9447269320008 seconds.
omega = 0.0211398 entered
omega = 1.56022e-06 finished in 1075.4760952010001 seconds.
omega = 1.56697e-06 entered
omega = 0.000429856 finished in 766.2439131290012 seconds.
omega = 0.000431716 entered
omega = 2.10033e-05 finished in 862.7778653889982 seconds.
omega = 2.10942e-05 entered
omega = 0.000279103 finished in 1060.1626857789997 seconds.
omega = 0.000280311 entered
omega = 0.00157036 finished in 884.998943069997 seconds.
omega = 0.00157715 entered
omega = 5.72449e-06 finished in 931.9138553580015 seconds.
omega = 5.74927e-06 entered
omega = 0.182398 finished in 839.842211201998 seconds.
omega = 0.183187 entered
omega = 0.00374103 finished in 883.261405246998 seconds.
omega = 0.00375722 entered
omega = 0.00102404 finished in 693.4204450609977 seconds.
omega = 0.00102847 entered
omega = 7.67298e-05 finished in 885.7391972119985 seconds.
omega = 7.70619e-05 entered
omega = 0.660608 finished in 1807.3722109789996 seconds.
omega = 0.663467 entered
omega = 3.73296e-06 finished in 818.8352085799997 seconds.
omega = 3.74912e-06 entered
omega = 0.0768957 finished in 778.5937918679992 seconds.
omega = 0.0772285 entered
omega = 0.43265 finished in 843.4743383309979 seconds.
omega = 0.434522 entered
omega = 3.2348e-05 finished in 956.9152990750008 seconds.
omega = 3.2488e-05 entered
omega = 0.118942 finished in 727.3832381009997 seconds.
omega = 0.119457 entered
omega = 0.282133 finished in 809.8835932049988 seconds.
omega = 0.283354 entered
omega = 0.0499279 finished in 835.6865781979977 seconds.
omega = 0.050144 entered
omega = 0.0136079 finished in 1394.1879168419982 seconds.
omega = 0.0136668 entered
omega = 0.00578663 finished in 901.0295605549982 seconds.
omega = 0.00581168 entered
omega = 0.00242903 finished in 841.5974011610015 seconds.
omega = 0.00243954 entered
omega = 0.0325582 finished in 776.7619617829987 seconds.
omega = 0.0326991 entered
omega = 4.98202e-05 finished in 781.7864671200005 seconds.
omega = 5.00358e-05 entered
omega = 1.01742e-06 finished in 1354.5773077179983 seconds.
omega = 1.02183e-06 entered
omega = 0.000659183 finished in 1291.9465156869992 seconds.
omega = 0.000662036 entered
omega = 2.43428e-06 finished in 884.7441568159993 seconds.
omega = 2.44482e-06 entered
omega = 0.00891219 finished in 792.0868199510005 seconds.
omega = 0.00895076 entered
omega = 0.0211398 finished in 759.2086956069979 seconds.
omega = 0.0212313 entered
omega = 8.85464e-06 finished in 840.400428762001 seconds.
omega = 8.89296e-06 entered
omega = 0.000118174 finished in 952.6048543029974 seconds.
omega = 0.000118686 entered
omega = 0.000182004 finished in 946.2193247989999 seconds.
omega = 0.000182792 entered
omega = 2.10942e-05 finished in 799.7982886329992 seconds.
omega = 2.11855e-05 entered
omega = 1.36373e-05 finished in 891.5906722449981 seconds.
omega = 1.36964e-05 entered
omega = 0.000431716 finished in 871.3600110429979 seconds.
omega = 0.000433585 entered
omega = 0.00102847 finished in 831.4137265780009 seconds.
omega = 0.00103292 entered
omega = 7.70619e-05 finished in 794.5270702269991 seconds.
omega = 7.73954e-05 entered
omega = 0.000280311 finished in 961.5532308249967 seconds.
omega = 0.000281524 entered
omega = 0.00375722 finished in 916.3858866049995 seconds.
omega = 0.00377349 entered
omega = 0.00157715 finished in 1001.4368212260015 seconds.
omega = 0.00158398 entered
omega = 5.74927e-06 finished in 989.5065216559997 seconds.
omega = 5.77415e-06 entered
omega = 0.050144 finished in 714.0874538099997 seconds.
omega = 0.050361 entered
omega = 0.0772285 finished in 765.6856952529997 seconds.
omega = 0.0775627 entered
omega = 3.2488e-05 finished in 758.4017699969991 seconds.
omega = 3.26286e-05 entered
omega = 0.00581168 finished in 739.6379379870014 seconds.
omega = 0.00583683 entered
omega = 0.119457 finished in 765.2455162740007 seconds.
omega = 0.119974 entered
omega = 0.283354 finished in 771.7245144230001 seconds.
omega = 0.28458 entered
omega = 3.74912e-06 finished in 848.8547615649986 seconds.
omega = 3.76535e-06 entered
omega = 0.183187 finished in 1124.2387064390023 seconds.
omega = 0.18398 entered
omega = 1.56697e-06 finished in 1276.7024811039992 seconds.
omega = 1.57375e-06 entered
omega = 0.00243954 finished in 873.5992106760023 seconds.
omega = 0.0024501 entered
omega = 0.434522 finished in 1020.5737739899996 seconds.
omega = 0.436403 entered
omega = 0.0326991 finished in 988.5150659290011 seconds.
omega = 0.0328406 entered
omega = 2.44482e-06 finished in 860.8487197409995 seconds.
omega = 2.4554e-06 entered
omega = 8.89296e-06 finished in 833.1142337870006 seconds.
omega = 8.93145e-06 entered
omega = 5.00358e-05 finished in 971.8763086920007 seconds.
omega = 5.02524e-05 entered
omega = 1.02183e-06 finished in 928.7481558479994 seconds.
omega = 1.02625e-06 entered
omega = 2.11855e-05 finished in 747.1630971619998 seconds.
omega = 2.12772e-05 entered
omega = 0.00895076 finished in 906.2098806979993 seconds.
omega = 0.0089895 entered
omega = 0.000182792 finished in 827.3875831430014 seconds.
omega = 0.000183583 entered
omega = 0.0212313 finished in 934.8953564540025 seconds.
omega = 0.0213232 entered
omega = 0.000118686 finished in 897.093862335998 seconds.
omega = 0.000119199 entered
omega = 1.36964e-05 finished in 832.3721711500002 seconds.
omega = 1.37556e-05 entered
omega = 0.000433585 finished in 864.9846651209991 seconds.
omega = 0.000435461 entered
omega = 0.00158398 finished in 726.6745226319981 seconds.
omega = 0.00159084 entered
omega = 0.000662036 finished in 1169.7561471619993 seconds.
omega = 0.000664901 entered
omega = 0.663467 finished in 1541.6436154739968 seconds.
omega = 0.666338 entered
omega = 0.0775627 finished in 759.2458911190006 seconds.
omega = 0.0778984 entered
omega = 0.00583683 finished in 768.8844637420007 seconds.
omega = 0.00586209 entered
omega = 0.00377349 finished in 958.9172088240011 seconds.
omega = 0.00378982 entered
omega = 0.28458 finished in 794.9686078340019 seconds.
omega = 0.285812 entered
omega = 0.050361 finished in 860.887826907001 seconds.
omega = 0.050579 entered
omega = 0.000281524 finished in 1066.4876239240002 seconds.
omega = 0.000282742 entered
omega = 0.119974 finished in 912.6711056110034 seconds.
omega = 0.120493 entered
omega = 7.73954e-05 finished in 1081.1222018410008 seconds.
omega = 7.77304e-05 entered
omega = 3.26286e-05 finished in 955.3090530079971 seconds.
omega = 3.27698e-05 entered
omega = 3.76535e-06 finished in 925.2583588649977 seconds.
omega = 3.78164e-06 entered
omega = 0.436403 finished in 828.4964335199984 seconds.
omega = 0.438292 entered
omega = 2.4554e-06 finished in 755.7234601950004 seconds.
omega = 2.46603e-06 entered
omega = 5.77415e-06 finished in 1208.1844886050021 seconds.
omega = 5.79914e-06 entered
omega = 0.0136668 finished in 1868.2822999910022 seconds.
omega = 0.013726 entered
omega = 0.0328406 finished in 825.6705549990002 seconds.
omega = 0.0329828 entered
omega = 0.0024501 finished in 999.9534505949996 seconds.
omega = 0.00246071 entered
omega = 0.000183583 finished in 820.0046071570032 seconds.
omega = 0.000184378 entered
omega = 1.02625e-06 finished in 850.1205740170008 seconds.
omega = 1.03069e-06 entered
omega = 0.18398 finished in 1212.8912266439984 seconds.
omega = 0.184776 entered
omega = 0.0089895 finished in 875.8773627910014 seconds.
omega = 0.00902841 entered
omega = 0.0213232 finished in 828.3813454070005 seconds.
omega = 0.0214155 entered
omega = 0.00103292 finished in 1557.5855883420008 seconds.
omega = 0.00103739 entered
omega = 2.12772e-05 finished in 1021.5093201999989 seconds.
omega = 2.13693e-05 entered
omega = 8.93145e-06 finished in 1038.4359299749995 seconds.
omega = 8.97011e-06 entered
omega = 1.37556e-05 finished in 939.6114585369978 seconds.
omega = 1.38152e-05 entered
omega = 5.02524e-05 finished in 1038.0537487189977 seconds.
omega = 5.04699e-05 entered
omega = 0.000435461 finished in 944.6205475899988 seconds.
omega = 0.000437346 entered
omega = 0.00159084 finished in 879.0338212829993 seconds.
omega = 0.00159772 entered
omega = 0.666338 finished in 815.8036660610014 seconds.
omega = 0.669222 entered
omega = 0.00586209 finished in 773.0196449450013 seconds.
omega = 0.00588746 entered
omega = 0.000119199 finished in 1081.135295647 seconds.
omega = 0.000119715 entered
omega = 1.57375e-06 finished in 1543.0361021649987 seconds.
omega = 1.58056e-06 entered
omega = 0.0778984 finished in 902.0300026029981 seconds.
omega = 0.0782356 entered
omega = 0.050579 finished in 844.2221840540005 seconds.
omega = 0.0507979 entered
omega = 0.00378982 finished in 939.5960364870007 seconds.
omega = 0.00380622 entered
omega = 0.285812 finished in 944.449687043998 seconds.
omega = 0.287049 entered
omega = 0.120493 finished in 905.9551300499988 seconds.
omega = 0.121015 entered
omega = 3.78164e-06 finished in 895.2829274529977 seconds.
omega = 3.79801e-06 entered
omega = 3.27698e-05 finished in 921.1900732799986 seconds.
omega = 3.29116e-05 entered
omega = 2.46603e-06 finished in 811.784411826 seconds.
omega = 2.4767e-06 entered
omega = 0.00246071 finished in 774.6744072489964 seconds.
omega = 0.00247136 entered
omega = 7.77304e-05 finished in 1080.4954785819973 seconds.
omega = 7.80668e-05 entered
omega = 5.79914e-06 finished in 1059.198330209998 seconds.
omega = 5.82424e-06 entered
omega = 0.000664901 finished in 1541.8037285670034 seconds.
omega = 0.000667779 entered
omega = 0.0329828 finished in 1030.1012430470037 seconds.
omega = 0.0331255 entered
omega = 0.00902841 finished in 938.0666028799969 seconds.
omega = 0.00906748 entered
omega = 0.438292 finished in 1164.1572029430026 seconds.
omega = 0.440188 entered
omega = 0.184776 finished in 990.471606477 seconds.
omega = 0.185576 entered
omega = 1.03069e-06 finished in 1035.8274754659978 seconds.
omega = 1.03515e-06 entered
omega = 0.000184378 finished in 1044.968751995999 seconds.
omega = 0.000185176 entered
omega = 0.00159772 finished in 807.9712913339972 seconds.
omega = 0.00160464 entered
omega = 2.13693e-05 finished in 902.7055029020012 seconds.
omega = 2.14618e-05 entered
omega = 5.04699e-05 finished in 912.3205074690013 seconds.
omega = 5.06883e-05 entered
omega = 0.000119715 finished in 789.5224522739991 seconds.
omega = 0.000120233 entered
omega = 0.000282742 finished in 1440.3173762900005 seconds.
omega = 0.000283966 entered
omega = 0.0507979 finished in 692.2319226069994 seconds.
omega = 0.0510177 entered
omega = 0.000437346 finished in 878.7454416390028 seconds.
omega = 0.000439239 entered
omega = 0.0214155 finished in 1088.7916298420023 seconds.
omega = 0.0215082 entered
omega = 1.58056e-06 finished in 847.4938637070009 seconds.
omega = 1.5874e-06 entered
omega = 0.00588746 finished in 937.7682941800012 seconds.
omega = 0.00591294 entered
omega = 0.0782356 finished in 931.2920210750017 seconds.
omega = 0.0785742 entered
omega = 0.00103739 finished in 1175.7502719919976 seconds.
omega = 0.00104188 entered
omega = 8.97011e-06 finished in 1192.320577176004 seconds.
omega = 9.00893e-06 entered
omega = 0.287049 finished in 864.2820837390027 seconds.
omega = 0.288291 entered
omega = 0.669222 finished in 1119.699039021998 seconds.
omega = 0.672119 entered
omega = 1.38152e-05 finished in 1285.2236357360016 seconds.
omega = 1.3875e-05 entered
omega = 0.121015 finished in 898.6040787710008 seconds.
omega = 0.121539 entered
omega = 3.79801e-06 finished in 881.6279520869975 seconds.
omega = 3.81445e-06 entered
omega = 3.29116e-05 finished in 995.1842161570021 seconds.
omega = 3.30541e-05 entered
omega = 0.00247136 finished in 978.3113420920017 seconds.
omega = 0.00248205 entered
omega = 0.00380622 finished in 1242.872390315999 seconds.
omega = 0.00382269 entered
omega = 2.4767e-06 finished in 1098.1863326519997 seconds.
omega = 2.48742e-06 entered
omega = 0.013726 finished in 1969.4799741030001 seconds.
omega = 0.0137854 entered
omega = 0.440188 finished in 872.2641314089997 seconds.
omega = 0.442094 entered
omega = 5.82424e-06 finished in 973.5793000760023 seconds.
omega = 5.84945e-06 entered
omega = 0.0331255 finished in 986.1114199209987 seconds.
omega = 0.0332689 entered
omega = 7.80668e-05 finished in 1166.013254247002 seconds.
omega = 7.84047e-05 entered
omega = 0.00160464 finished in 908.4944470789997 seconds.
omega = 0.00161158 entered
omega = 2.14618e-05 finished in 912.4771696430034 seconds.
omega = 2.15547e-05 entered
omega = 5.06883e-05 finished in 917.0327369160004 seconds.
omega = 5.09077e-05 entered
omega = 0.0510177 finished in 890.4203218360053 seconds.
omega = 0.0512385 entered
omega = 0.185576 finished in 1006.6583349659995 seconds.
omega = 0.186379 entered
omega = 0.000120233 finished in 970.6531354559993 seconds.
omega = 0.000120754 entered
omega = 1.03515e-06 finished in 1059.7207403260036 seconds.
omega = 1.03963e-06 entered
omega = 1.5874e-06 finished in 911.1564906709973 seconds.
omega = 1.59428e-06 entered
omega = 0.00906748 finished in 1150.7494552839999 seconds.
omega = 0.00910673 entered
omega = 0.0215082 finished in 1000.3012168549976 seconds.
omega = 0.0216013 entered
omega = 0.00104188 finished in 810.337793769002 seconds.
omega = 0.00104639 entered
omega = 0.000185176 finished in 1117.5558875700008 seconds.
omega = 0.000185977 entered
omega = 0.672119 finished in 784.8563485240011 seconds.
omega = 0.675028 entered
omega = 0.00591294 finished in 1066.7647408799967 seconds.
omega = 0.00593853 entered
omega = 0.000283966 finished in 1209.9733305069967 seconds.
omega = 0.000285195 entered
omega = 9.00893e-06 finished in 1003.4447100280013 seconds.
omega = 9.04792e-06 entered
omega = 0.0785742 finished in 1047.1592472849952 seconds.
omega = 0.0789142 entered
omega = 0.288291 finished in 1010.8129404520005 seconds.
omega = 0.289539 entered
omega = 0.000439239 finished in 1333.0273098539983 seconds.
omega = 0.00044114 entered
omega = 3.81445e-06 finished in 1043.051705330996 seconds.
omega = 3.83096e-06 entered
omega = 1.3875e-05 finished in 1137.203538212998 seconds.
omega = 1.3935e-05 entered
omega = 0.121539 finished in 1200.4644191619955 seconds.
omega = 0.122065 entered
omega = 2.48742e-06 finished in 951.2569426219998 seconds.
omega = 2.49818e-06 entered
omega = 3.30541e-05 finished in 1108.1399265340006 seconds.
omega = 3.31971e-05 entered
omega = 0.0137854 finished in 889.2899791119999 seconds.
omega = 0.013845 entered
omega = 0.00382269 finished in 1056.9820100750003 seconds.
omega = 0.00383924 entered
omega = 0.00248205 finished in 1138.4266100039968 seconds.
omega = 0.00249279 entered
omega = 0.442094 finished in 954.340396753003 seconds.
omega = 0.444007 entered
omega = 0.0332689 finished in 941.5374536719974 seconds.
omega = 0.0334129 entered
omega = 0.00161158 finished in 921.9885744100029 seconds.
omega = 0.00161856 entered
omega = 0.000120754 finished in 842.4949223329968 seconds.
omega = 0.000121276 entered
omega = 5.84945e-06 finished in 1033.1352844840003 seconds.
omega = 5.87476e-06 entered
omega = 0.186379 finished in 921.6689969689978 seconds.
omega = 0.187186 entered
omega = 2.15547e-05 finished in 972.0838357620014 seconds.
omega = 2.1648e-05 entered
omega = 0.000185977 finished in 853.2451608179981 seconds.
omega = 0.000186782 entered
omega = 1.59428e-06 finished in 908.8344022699966 seconds.
omega = 1.60118e-06 entered
omega = 0.00910673 finished in 894.8204026789972 seconds.
omega = 0.00914614 entered
omega = 7.84047e-05 finished in 1096.3772779069986 seconds.
omega = 7.8744e-05 entered
omega = 1.03963e-06 finished in 966.9186324010007 seconds.
omega = 1.04413e-06 entered
omega = 0.0216013 finished in 943.6103000430012 seconds.
omega = 0.0216948 entered
omega = 0.0512385 finished in 1104.3039654800014 seconds.
omega = 0.0514603 entered
omega = 5.09077e-05 finished in 1110.7359237100027 seconds.
omega = 5.1128e-05 entered
omega = 0.0789142 finished in 850.2617350340006 seconds.
omega = 0.0792558 entered
omega = 0.00104639 finished in 1089.464984143 seconds.
omega = 0.00105092 entered
omega = 0.675028 finished in 1088.0294503569967 seconds.
omega = 0.677949 entered
omega = 0.00593853 finished in 1015.8523773170018 seconds.
omega = 0.00596424 entered
omega = 3.83096e-06 finished in 896.8691324399988 seconds.
omega = 3.84754e-06 entered
omega = 0.289539 finished in 1047.1203020210014 seconds.
omega = 0.290792 entered
omega = 0.000285195 finished in 1197.3878975570042 seconds.
omega = 0.00028643 entered
omega = 0.00044114 finished in 1116.7824250289996 seconds.
omega = 0.000443049 entered
omega = 0.013845 finished in 843.3330791980043 seconds.
omega = 0.013905 entered
omega = 3.31971e-05 finished in 969.8426252470017 seconds.
omega = 3.33408e-05 entered
omega = 1.3935e-05 finished in 1103.6371837820043 seconds.
omega = 1.39953e-05 entered
omega = 0.0334129 finished in 890.518966899006 seconds.
omega = 0.0335575 entered
omega = 0.444007 finished in 925.2947624759981 seconds.
omega = 0.445929 entered
omega = 0.000667779 finished in 2836.3291472150013 seconds.
omega = 0.000670669 entered
omega = 0.000186782 finished in 798.316737107998 seconds.
omega = 0.00018759 entered
omega = 0.0216948 finished in 742.1974756920026 seconds.
omega = 0.0217887 entered
omega = 0.122065 finished in 1145.780257336999 seconds.
omega = 0.122593 entered
omega = 1.60118e-06 finished in 847.3281325329954 seconds.
omega = 1.60811e-06 entered
omega = 0.00249279 finished in 1056.517399794 seconds.
omega = 0.00250358 entered
omega = 2.49818e-06 finished in 1166.7710597480036 seconds.
omega = 2.509e-06 entered
omega = 0.00161856 finished in 1003.7226545779995 seconds.
omega = 0.00162556 entered
omega = 7.8744e-05 finished in 899.6452742670008 seconds.
omega = 7.90848e-05 entered
omega = 0.0514603 finished in 817.7874351840001 seconds.
omega = 0.051683 entered
omega = 2.1648e-05 finished in 976.1986735440005 seconds.
omega = 2.17417e-05 entered
omega = 0.000121276 finished in 1036.1820425350015 seconds.
omega = 0.000121801 entered
omega = 0.00383924 finished in 1145.1158295210043 seconds.
omega = 0.00385585 entered
omega = 0.00105092 finished in 777.9603880680006 seconds.
omega = 0.00105547 entered
omega = 1.04413e-06 finished in 971.3137672079974 seconds.
omega = 1.04865e-06 entered
omega = 5.87476e-06 finished in 1106.5009084060002 seconds.
omega = 5.90019e-06 entered
omega = 5.1128e-05 finished in 923.1140721410047 seconds.
omega = 5.13493e-05 entered
omega = 0.00914614 finished in 1019.1531207290027 seconds.
omega = 0.00918573 entered
omega = 9.04792e-06 finished in 1732.3202864750056 seconds.
omega = 9.08708e-06 entered
omega = 0.00596424 finished in 792.9778458240035 seconds.
omega = 0.00599005 entered
omega = 0.677949 finished in 852.839001735003 seconds.
omega = 0.680884 entered
omega = 0.0792558 finished in 993.1031992389981 seconds.
omega = 0.0795988 entered
omega = 0.00028643 finished in 796.9922023319959 seconds.
omega = 0.000287669 entered
omega = 3.84754e-06 finished in 928.8814915279945 seconds.
omega = 3.86419e-06 entered
omega = 0.0335575 finished in 634.8093702500046 seconds.
omega = 0.0337027 entered
omega = 3.33408e-05 finished in 757.754558861001 seconds.
omega = 3.34851e-05 entered
omega = 0.013905 finished in 883.679936692999 seconds.
omega = 0.0139651 entered
omega = 0.000443049 finished in 937.4594102190022 seconds.
omega = 0.000444967 entered
omega = 0.00018759 finished in 725.2712301020001 seconds.
omega = 0.000188402 entered
omega = 0.122593 finished in 746.9793489140066 seconds.
omega = 0.123123 entered
omega = 0.00162556 finished in 689.2078985949993 seconds.
omega = 0.0016326 entered
omega = 0.290792 finished in 1195.9134366479993 seconds.
omega = 0.292051 entered
omega = 0.0217887 finished in 863.6897261150007 seconds.
omega = 0.021883 entered
omega = 1.39953e-05 finished in 991.6976682509994 seconds.
omega = 1.40559e-05 entered
omega = 1.60811e-06 finished in 837.8452750740034 seconds.
omega = 1.61507e-06 entered
omega = 2.17417e-05 finished in 781.1566969999985 seconds.
omega = 2.18358e-05 entered
omega = 0.445929 finished in 1009.5896002700028 seconds.
omega = 0.447859 entered
omega = 0.187186 finished in 1836.8858723070007 seconds.
omega = 0.187996 entered
omega = 0.051683 finished in 860.0778741530012 seconds.
omega = 0.0519067 entered
omega = 7.90848e-05 finished in 861.4919283890049 seconds.
omega = 7.94271e-05 entered
omega = 0.00250358 finished in 949.1979743269985 seconds.
omega = 0.00251442 entered
omega = 1.04865e-06 finished in 799.3796978690007 seconds.
omega = 1.05319e-06 entered
omega = 0.00385585 finished in 887.6072891500007 seconds.
omega = 0.00387254 entered
omega = 0.00105547 finished in 854.1146416670017 seconds.
omega = 0.00106004 entered
omega = 5.90019e-06 finished in 855.0112503470009 seconds.
omega = 5.92572e-06 entered
omega = 2.509e-06 finished in 1051.207824721998 seconds.
omega = 2.51985e-06 entered
omega = 5.13493e-05 finished in 896.6289839749952 seconds.
omega = 5.15715e-05 entered
omega = 0.00918573 finished in 896.0701950770017 seconds.
omega = 0.00922548 entered
omega = 0.000121801 finished in 1002.8604358770026 seconds.
omega = 0.000122328 entered
omega = 0.00599005 finished in 893.8642041690036 seconds.
omega = 0.00601598 entered
omega = 0.0795988 finished in 826.1538743960045 seconds.
omega = 0.0799433 entered
omega = 0.680884 finished in 987.4935337580027 seconds.
omega = 0.68383 entered
omega = 0.000287669 finished in 845.846244942004 seconds.
omega = 0.000288914 entered
omega = 0.0139651 finished in 773.7765816480023 seconds.
omega = 0.0140256 entered
omega = 3.86419e-06 finished in 887.951005556999 seconds.
omega = 3.88091e-06 entered
omega = 0.0337027 finished in 958.7233690430003 seconds.
omega = 0.0338486 entered
omega = 0.000444967 finished in 870.9932197399976 seconds.
omega = 0.000446893 entered
omega = 0.123123 finished in 841.9037118319975 seconds.
omega = 0.123656 entered
omega = 0.0519067 finished in 628.6868143579995 seconds.
omega = 0.0521314 entered
omega = 0.0016326 finished in 843.3726917059976 seconds.
omega = 0.00163966 entered
omega = 0.000188402 finished in 934.310309470995 seconds.
omega = 0.000189218 entered
omega = 0.021883 finished in 831.5325313970025 seconds.
omega = 0.0219777 entered
omega = 3.34851e-05 finished in 1101.6899288459972 seconds.
omega = 3.363e-05 entered
omega = 0.447859 finished in 812.9847006990021 seconds.
omega = 0.449797 entered
omega = 1.40559e-05 finished in 888.9997835870017 seconds.
omega = 1.41167e-05 entered
omega = 1.61507e-06 finished in 897.8201705210013 seconds.
omega = 1.62206e-06 entered
omega = 1.05319e-06 finished in 820.7769149579981 seconds.
omega = 1.05775e-06 entered
omega = 2.18358e-05 finished in 955.3555989710003 seconds.
omega = 2.19303e-05 entered
omega = 7.94271e-05 finished in 898.5282131300046 seconds.
omega = 7.97709e-05 entered
omega = 0.00106004 finished in 826.3201019029948 seconds.
omega = 0.00106462 entered
omega = 0.0799433 finished in 686.429248280001 seconds.
omega = 0.0802893 entered
omega = 2.51985e-06 finished in 851.7129287149946 seconds.
omega = 2.53076e-06 entered
omega = 5.15715e-05 finished in 854.6395031920038 seconds.
omega = 5.17947e-05 entered
omega = 0.00251442 finished in 967.097035548999 seconds.
omega = 0.0025253 entered
omega = 5.92572e-06 finished in 910.0989183540005 seconds.
omega = 5.95137e-06 entered
omega = 0.292051 finished in 1189.3676897940022 seconds.
omega = 0.293315 entered
omega = 0.00387254 finished in 1029.581122304 seconds.
omega = 0.0038893 entered
omega = 0.00922548 finished in 959.5715468749986 seconds.
omega = 0.00926541 entered
omega = 0.68383 finished in 811.4567803570026 seconds.
omega = 0.68679 entered
omega = 0.000122328 finished in 1026.4391537689953 seconds.
omega = 0.000122858 entered
omega = 0.00601598 finished in 1077.938033997998 seconds.
omega = 0.00604201 entered
omega = 0.0338486 finished in 759.6218804119999 seconds.
omega = 0.0339951 entered
omega = 3.88091e-06 finished in 876.231739779003 seconds.
omega = 3.89771e-06 entered
omega = 0.00163966 finished in 699.3138871420015 seconds.
omega = 0.00164676 entered
omega = 0.123656 finished in 751.746412212 seconds.
omega = 0.124192 entered
omega = 0.0140256 finished in 928.161656198994 seconds.
omega = 0.0140863 entered
omega = 0.000288914 finished in 1013.6986228960013 seconds.
omega = 0.000290165 entered
omega = 0.0521314 finished in 813.8202537859979 seconds.
omega = 0.052357 entered
omega = 0.00106462 finished in 691.8462887200003 seconds.
omega = 0.00106923 entered
omega = 0.449797 finished in 809.7329133960011 seconds.
omega = 0.451744 entered
omega = 0.000446893 finished in 1049.6234210370021 seconds.
omega = 0.000448827 entered
omega = 1.62206e-06 finished in 827.4519046019996 seconds.
omega = 1.62908e-06 entered
omega = 0.000189218 finished in 991.3535780890015 seconds.
omega = 0.000190037 entered
omega = 0.0802893 finished in 729.7885248329985 seconds.
omega = 0.0806368 entered
omega = 1.05775e-06 finished in 816.7500025799964 seconds.
omega = 1.06233e-06 entered
omega = 0.0025253 finished in 748.8945976289979 seconds.
omega = 0.00253623 entered
omega = 1.41167e-05 finished in 1019.4069220569945 seconds.
omega = 1.41778e-05 entered
omega = 0.0219777 finished in 1176.578021700996 seconds.
omega = 0.0220728 entered
omega = 5.17947e-05 finished in 906.2607208280024 seconds.
omega = 5.20189e-05 entered
omega = 2.53076e-06 finished in 919.8140478040004 seconds.
omega = 2.54171e-06 entered
omega = 0.293315 finished in 934.1308617289978 seconds.
omega = 0.294584 entered
omega = 7.97709e-05 finished in 1069.691280924002 seconds.
omega = 8.01161e-05 entered
omega = 3.363e-05 finished in 1213.224227505998 seconds.
omega = 3.37756e-05 entered
omega = 5.95137e-06 finished in 1019.437434347994 seconds.
omega = 5.97713e-06 entered
omega = 0.0339951 finished in 714.605159712999 seconds.
omega = 0.0341422 entered
omega = 0.68679 finished in 911.6539492090014 seconds.
omega = 0.689763 entered
omega = 0.0140863 finished in 708.159679122 seconds.
omega = 0.0141473 entered
omega = 0.000122858 finished in 908.9389878110014 seconds.
omega = 0.00012339 entered
omega = 0.00164676 finished in 761.5904123600048 seconds.
omega = 0.00165389 entered
omega = 0.0038893 finished in 1037.7778009490066 seconds.
omega = 0.00390614 entered
omega = 0.052357 finished in 679.9521820589944 seconds.
omega = 0.0525836 entered
omega = 9.08708e-06 finished in 2839.3904169839952 seconds.
omega = 9.12641e-06 entered
omega = 0.00604201 finished in 869.6526304080035 seconds.
omega = 0.00606816 entered
omega = 0.124192 finished in 822.8238476329934 seconds.
omega = 0.124729 entered
omega = 0.00926541 finished in 1087.3583591200004 seconds.
omega = 0.00930551 entered
omega = 3.89771e-06 finished in 898.1914575289993 seconds.
omega = 3.91458e-06 entered
omega = 0.000290165 finished in 988.4587178599977 seconds.
omega = 0.000291421 entered
omega = 0.000448827 finished in 917.8931452520046 seconds.
omega = 0.000450769 entered
omega = 0.0806368 finished in 888.6458918369972 seconds.
omega = 0.0809858 entered
omega = 0.000670669 finished in 3604.420137481 seconds.
omega = 0.000673572 entered
omega = 0.187996 finished in 2615.0303285379996 seconds.
omega = 0.188809 entered
omega = 2.19303e-05 finished in 1723.0937255309982 seconds.
omega = 2.20252e-05 entered
omega = 0.00253623 finished in 893.847830728002 seconds.
omega = 0.00254721 entered
omega = 1.41778e-05 finished in 861.7986643990007 seconds.
omega = 1.42392e-05 entered
omega = 0.00106923 finished in 1091.5120240079996 seconds.
omega = 0.00107386 entered
omega = 1.06233e-06 finished in 1013.587109768996 seconds.
omega = 1.06692e-06 entered
omega = 0.451744 finished in 1153.8046329220015 seconds.
omega = 0.453699 entered
omega = 5.20189e-05 finished in 849.1968686590044 seconds.
omega = 5.22441e-05 entered
omega = 1.62908e-06 finished in 1128.1229651429967 seconds.
omega = 1.63613e-06 entered
omega = 0.000190037 finished in 1126.7154027709985 seconds.
omega = 0.000190859 entered
omega = 2.54171e-06 finished in 885.7246769350022 seconds.
omega = 2.55271e-06 entered
omega = 5.97713e-06 finished in 895.9172224249996 seconds.
omega = 6.003e-06 entered
omega = 0.0525836 finished in 800.9472497140014 seconds.
omega = 0.0528112 entered
omega = 8.01161e-05 finished in 968.9020813909956 seconds.
omega = 8.04629e-05 entered
omega = 0.0341422 finished in 932.8397551020025 seconds.
omega = 0.03429 entered
omega = 0.689763 finished in 902.9861797889971 seconds.
omega = 0.692748 entered
omega = 0.294584 finished in 1009.268231468006 seconds.
omega = 0.295859 entered
omega = 0.0220728 finished in 1072.276699078 seconds.
omega = 0.0221683 entered
omega = 3.37756e-05 finished in 1010.5166386290002 seconds.
omega = 3.39218e-05 entered
omega = 0.00606816 finished in 842.9387423060034 seconds.
omega = 0.00609443 entered
omega = 0.00165389 finished in 917.1576667490008 seconds.
omega = 0.00166104 entered
omega = 0.0141473 finished in 959.3673306470009 seconds.
omega = 0.0142085 entered
omega = 0.00930551 finished in 883.0629067239934 seconds.
omega = 0.00934579 entered
omega = 3.91458e-06 finished in 925.1044739459976 seconds.
omega = 3.93152e-06 entered
omega = 0.124729 finished in 1002.4725551709998 seconds.
omega = 0.125269 entered
omega = 0.00390614 finished in 1114.4149809450028 seconds.
omega = 0.00392304 entered
omega = 0.00012339 finished in 1219.1315613410043 seconds.
omega = 0.000123924 entered
omega = 0.0809858 finished in 767.4147198540013 seconds.
omega = 0.0813363 entered
omega = 0.000291421 finished in 956.660826442996 seconds.
omega = 0.000292682 entered
omega = 0.188809 finished in 759.1561976590019 seconds.
omega = 0.189627 entered
omega = 2.20252e-05 finished in 831.7532116680013 seconds.
omega = 2.21205e-05 entered
omega = 0.00254721 finished in 795.8292151239948 seconds.
omega = 0.00255823 entered
omega = 0.000450769 finished in 935.0721249769995 seconds.
omega = 0.00045272 entered
omega = 5.22441e-05 finished in 766.4147566120009 seconds.
omega = 5.24702e-05 entered
omega = 1.06692e-06 finished in 902.350887077002 seconds.
omega = 1.07154e-06 entered
omega = 1.63613e-06 finished in 921.6065802469966 seconds.
omega = 1.64321e-06 entered
omega = 0.0528112 finished in 793.0966805249991 seconds.
omega = 0.0530397 entered
omega = 0.692748 finished in 786.8886029800051 seconds.
omega = 0.695746 entered
omega = 2.55271e-06 finished in 964.7346771269949 seconds.
omega = 2.56376e-06 entered
omega = 0.000190859 finished in 994.4743934579965 seconds.
omega = 0.000191685 entered
omega = 0.00107386 finished in 1125.1891976050028 seconds.
omega = 0.00107851 entered
omega = 6.003e-06 finished in 933.0719905720034 seconds.
omega = 6.02898e-06 entered
omega = 0.0221683 finished in 887.1288708280044 seconds.
omega = 0.0222643 entered
omega = 0.03429 finished in 923.581085470003 seconds.
omega = 0.0344384 entered
omega = 0.453699 finished in 1180.0370412569973 seconds.
omega = 0.455663 entered
omega = 0.00609443 finished in 942.0453242590011 seconds.
omega = 0.0061208 entered
omega = 1.42392e-05 finished in 1291.841391699003 seconds.
omega = 1.43008e-05 entered
omega = 0.125269 finished in 764.6846087829981 seconds.
omega = 0.125811 entered
omega = 3.39218e-05 finished in 1011.9987762579985 seconds.
omega = 3.40686e-05 entered
omega = 0.0142085 finished in 970.0950460910026 seconds.
omega = 0.01427 entered
omega = 0.295859 finished in 1055.8329400119983 seconds.
omega = 0.297139 entered
omega = 3.93152e-06 finished in 949.9798833170062 seconds.
omega = 3.94854e-06 entered
omega = 0.00166104 finished in 1133.804527565997 seconds.
omega = 0.00166823 entered
omega = 0.000292682 finished in 821.960695720998 seconds.
omega = 0.000293949 entered
omega = 0.00392304 finished in 999.7805726859951 seconds.
omega = 0.00394002 entered
omega = 0.0813363 finished in 929.927483215004 seconds.
omega = 0.0816883 entered
omega = 0.00934579 finished in 1217.6420819589985 seconds.
omega = 0.00938623 entered
omega = 0.000673572 finished in 1738.7518031319996 seconds.
omega = 0.000676487 entered
omega = 9.12641e-06 finished in 2210.1395961939998 seconds.
omega = 9.16591e-06 entered
omega = 0.00255823 finished in 922.5843747680046 seconds.
omega = 0.0025693 entered
omega = 0.189627 finished in 1016.5511948109997 seconds.
omega = 0.190447 entered
omega = 1.07154e-06 finished in 824.0245850409992 seconds.
omega = 1.07618e-06 entered
omega = 2.21205e-05 finished in 1034.682779019 seconds.
omega = 2.22163e-05 entered
omega = 0.00045272 finished in 1043.9191000229985 seconds.
omega = 0.00045468 entered
omega = 5.24702e-05 finished in 1021.858923714004 seconds.
omega = 5.26973e-05 entered
omega = 1.64321e-06 finished in 876.1322866449991 seconds.
omega = 1.65032e-06 entered
omega = 0.0530397 finished in 869.1803436499977 seconds.
omega = 0.0532693 entered
omega = 0.00107851 finished in 797.5993228570005 seconds.
omega = 0.00108317 entered
omega = 0.0344384 finished in 749.8816335709998 seconds.
omega = 0.0345874 entered
omega = 0.695746 finished in 914.6506337620012 seconds.
omega = 0.698757 entered
omega = 0.000123924 finished in 1377.4662654229978 seconds.
omega = 0.00012446 entered
omega = 2.56376e-06 finished in 971.0171037260006 seconds.
omega = 2.57486e-06 entered
omega = 0.125811 finished in 771.8472497309995 seconds.
omega = 0.126356 entered
omega = 0.455663 finished in 837.3328411090042 seconds.
omega = 0.457635 entered
omega = 0.0061208 finished in 836.7487882679998 seconds.
omega = 0.00614729 entered
omega = 0.000191685 finished in 1039.9279231949986 seconds.
omega = 0.000192515 entered
omega = 3.40686e-05 finished in 825.576152085996 seconds.
omega = 3.4216e-05 entered
omega = 1.43008e-05 finished in 867.9767692649984 seconds.
omega = 1.43627e-05 entered
omega = 0.0222643 finished in 982.1952708679964 seconds.
omega = 0.0223606 entered
omega = 6.02898e-06 finished in 1029.4282969560008 seconds.
omega = 6.05507e-06 entered
omega = 3.94854e-06 finished in 783.965504709995 seconds.
omega = 3.96563e-06 entered
omega = 0.297139 finished in 929.783322068004 seconds.
omega = 0.298425 entered
omega = 0.01427 finished in 944.7299948779983 seconds.
omega = 0.0143317 entered
omega = 8.04629e-05 finished in 2046.8352314799995 seconds.
omega = 8.08111e-05 entered
omega = 0.0816883 finished in 779.1976250410007 seconds.
omega = 0.0820419 entered
omega = 0.00394002 finished in 886.6506350909985 seconds.
omega = 0.00395707 entered
omega = 0.000293949 finished in 965.9588579549963 seconds.
omega = 0.000295221 entered
omega = 0.0025693 finished in 754.6624617299967 seconds.
omega = 0.00258042 entered
omega = 1.07618e-06 finished in 726.6037627510013 seconds.
omega = 1.08084e-06 entered
omega = 0.190447 finished in 790.679288187006 seconds.
omega = 0.191272 entered
omega = 0.00938623 finished in 883.780133495995 seconds.
omega = 0.00942686 entered
omega = 2.22163e-05 finished in 835.6336294130015 seconds.
omega = 2.23124e-05 entered
omega = 0.0532693 finished in 730.2214015300051 seconds.
omega = 0.0534999 entered
omega = 0.00045468 finished in 873.270411726 seconds.
omega = 0.000456648 entered
omega = 1.65032e-06 finished in 839.8321486539935 seconds.
omega = 1.65746e-06 entered
omega = 0.0345874 finished in 782.4124260720055 seconds.
omega = 0.0347371 entered
omega = 0.000676487 finished in 1134.143927711004 seconds.
omega = 0.000679415 entered
omega = 0.00108317 finished in 847.3640920269972 seconds.
omega = 0.00108786 entered
omega = 0.698757 finished in 791.8668381820025 seconds.
omega = 0.701782 entered
omega = 5.26973e-05 finished in 919.703366116999 seconds.
omega = 5.29253e-05 entered
omega = 0.00614729 finished in 685.7726829019957 seconds.
omega = 0.0061739 entered
omega = 0.457635 finished in 743.8975734280029 seconds.
omega = 0.459615 entered
omega = 2.57486e-06 finished in 822.9706933490015 seconds.
omega = 2.586e-06 entered
omega = 0.126356 finished in 825.9804403480011 seconds.
omega = 0.126902 entered
omega = 0.000192515 finished in 739.0611731419995 seconds.
omega = 0.000193348 entered
omega = 3.4216e-05 finished in 801.9793487739953 seconds.
omega = 3.43641e-05 entered
omega = 3.96563e-06 finished in 763.4326554860017 seconds.
omega = 3.98279e-06 entered
omega = 0.0143317 finished in 695.6287031299944 seconds.
omega = 0.0143938 entered
omega = 1.43627e-05 finished in 874.7783878920018 seconds.
omega = 1.44249e-05 entered
omega = 6.05507e-06 finished in 841.6406508069995 seconds.
omega = 6.08128e-06 entered
omega = 0.00258042 finished in 658.7464065870008 seconds.
omega = 0.00259159 entered
omega = 0.0820419 finished in 771.6002268699958 seconds.
omega = 0.082397 entered
omega = 0.000295221 finished in 708.2626820389996 seconds.
omega = 0.000296499 entered
omega = 0.298425 finished in 899.0595776240007 seconds.
omega = 0.299717 entered
omega = 0.00166823 finished in 1711.6268086549971 seconds.
omega = 0.00167545 entered
omega = 0.00395707 finished in 748.0119021869978 seconds.
omega = 0.0039742 entered
omega = 0.191272 finished in 749.256761589997 seconds.
omega = 0.192099 entered
omega = 1.08084e-06 finished in 823.8204144830015 seconds.
omega = 1.08552e-06 entered
omega = 0.00942686 finished in 793.6838114339989 seconds.
omega = 0.00946766 entered
omega = 0.0534999 finished in 794.866700311999 seconds.
omega = 0.0537314 entered
omega = 0.0347371 finished in 692.6906267939994 seconds.
omega = 0.0348875 entered
omega = 0.0061739 finished in 681.4629089020018 seconds.
omega = 0.00620062 entered
omega = 0.00108786 finished in 722.3745467120025 seconds.
omega = 0.00109257 entered
omega = 2.23124e-05 finished in 882.0664302650039 seconds.
omega = 2.2409e-05 entered
omega = 1.65746e-06 finished in 796.1403964080018 seconds.
omega = 1.66464e-06 entered
omega = 9.16591e-06 finished in 1856.1064370719978 seconds.
omega = 9.20558e-06 entered
omega = 0.000456648 finished in 811.1251239180056 seconds.
omega = 0.000458624 entered
omega = 0.0223606 finished in 1400.8934326589952 seconds.
omega = 0.0224574 entered
omega = 0.701782 finished in 800.0446942080016 seconds.
omega = 0.704819 entered
omega = 5.29253e-05 finished in 820.6261816879996 seconds.
omega = 5.31544e-05 entered
omega = 0.126902 finished in 732.6101280750008 seconds.
omega = 0.127452 entered
omega = 0.000193348 finished in 735.4088083960014 seconds.
omega = 0.000194185 entered
omega = 0.459615 finished in 839.5990854390038 seconds.
omega = 0.461605 entered
omega = 2.586e-06 finished in 800.6826355390003 seconds.
omega = 2.59719e-06 entered
omega = 0.0143938 finished in 732.3393593199944 seconds.
omega = 0.0144561 entered
omega = 3.43641e-05 finished in 780.2251769170034 seconds.
omega = 3.45128e-05 entered
omega = 6.08128e-06 finished in 705.1046049270008 seconds.
omega = 6.1076e-06 entered
omega = 3.98279e-06 finished in 791.3170809870062 seconds.
omega = 4.00003e-06 entered
omega = 0.00012446 finished in 1828.1806560309997 seconds.
omega = 0.000124999 entered
omega = 1.44249e-05 finished in 824.4728732310032 seconds.
omega = 1.44873e-05 entered
omega = 0.082397 finished in 747.9202232489988 seconds.
omega = 0.0827536 entered
omega = 0.00259159 finished in 790.9183932000014 seconds.
omega = 0.00260281 entered
omega = 0.000296499 finished in 774.0050617939996 seconds.
omega = 0.000297782 entered
omega = 0.0039742 finished in 747.5103935839943 seconds.
omega = 0.0039914 entered
omega = 8.08111e-05 finished in 1647.4753161510016 seconds.
omega = 8.11609e-05 entered
omega = 0.299717 finished in 785.9761204629976 seconds.
omega = 0.301014 entered
omega = 0.00946766 finished in 670.6452426929973 seconds.
omega = 0.00950863 entered
omega = 0.000679415 finished in 1197.2058298039992 seconds.
omega = 0.000682355 entered
omega = 0.192099 finished in 743.1605610430051 seconds.
omega = 0.192931 entered
omega = 0.0537314 finished in 618.2136922179998 seconds.
omega = 0.053964 entered
omega = 0.0348875 finished in 642.4339219610047 seconds.
omega = 0.0350385 entered
omega = 1.08552e-06 finished in 802.8101505379964 seconds.
omega = 1.09021e-06 entered
omega = 0.00167545 finished in 1037.4982371270016 seconds.
omega = 0.00168271 entered
omega = 0.704819 finished in 681.3065696319973 seconds.
omega = 0.707869 entered
omega = 0.00620062 finished in 793.0634367160019 seconds.
omega = 0.00622746 entered
omega = 0.00109257 finished in 775.8786627490044 seconds.
omega = 0.0010973 entered
omega = 2.2409e-05 finished in 778.2719533889976 seconds.
omega = 2.2506e-05 entered
omega = 1.66464e-06 finished in 783.869888068999 seconds.
omega = 1.67184e-06 entered
omega = 0.000458624 finished in 786.4697970089983 seconds.
omega = 0.000460609 entered
omega = 5.31544e-05 finished in 720.8444765099994 seconds.
omega = 5.33845e-05 entered
omega = 2.59719e-06 finished in 699.4821195979966 seconds.
omega = 2.60844e-06 entered
omega = 3.45128e-05 finished in 675.6775854470034 seconds.
omega = 3.46622e-05 entered
omega = 0.127452 finished in 799.0606400399993 seconds.
omega = 0.128003 entered
omega = 0.461605 finished in 744.9957884039977 seconds.
omega = 0.463602 entered
omega = 1.44873e-05 finished in 617.7073108229961 seconds.
omega = 1.455e-05 entered
omega = 6.1076e-06 finished in 731.6553197749963 seconds.
omega = 6.13403e-06 entered
omega = 0.0144561 finished in 790.0301478840047 seconds.
omega = 0.0145186 entered
omega = 0.000194185 finished in 891.907394570997 seconds.
omega = 0.000195025 entered
omega = 4.00003e-06 finished in 755.5482193040007 seconds.
omega = 4.01734e-06 entered
omega = 0.00260281 finished in 658.3271616040001 seconds.
omega = 0.00261407 entered
omega = 0.0039914 finished in 691.2129554850035 seconds.
omega = 0.00400868 entered
omega = 0.053964 finished in 609.2959470310016 seconds.
omega = 0.0541975 entered
omega = 0.0827536 finished in 783.4275367459995 seconds.
omega = 0.0831117 entered
omega = 0.00950863 finished in 696.0487902870009 seconds.
omega = 0.00954979 entered
omega = 0.000297782 finished in 772.1316703589982 seconds.
omega = 0.000299071 entered
omega = 0.301014 finished in 735.2395848140004 seconds.
omega = 0.302317 entered
omega = 0.192931 finished in 777.0560088280035 seconds.
omega = 0.193766 entered
omega = 9.20558e-06 finished in 1236.2693410510037 seconds.
omega = 9.24542e-06 entered
omega = 0.0350385 finished in 763.7000149380037 seconds.
omega = 0.0351901 entered
omega = 1.09021e-06 finished in 797.1044336139967 seconds.
omega = 1.09493e-06 entered
omega = 0.00622746 finished in 672.709564265002 seconds.
omega = 0.00625441 entered
omega = 0.707869 finished in 709.5831262989959 seconds.
omega = 0.710933 entered
omega = 5.33845e-05 finished in 733.1497540100027 seconds.
omega = 5.36155e-05 entered
omega = 0.0010973 finished in 795.3761280840044 seconds.
omega = 0.00110205 entered
omega = 2.2506e-05 finished in 789.5313390779993 seconds.
omega = 2.26034e-05 entered
omega = 0.0224574 finished in 1521.8228831570013 seconds.
omega = 0.0225546 entered
omega = 0.000682355 finished in 1161.5441392779976 seconds.
omega = 0.000685309 entered
omega = 0.463602 finished in 786.7906609130005 seconds.
omega = 0.465609 entered
omega = 0.000460609 finished in 884.387410717005 seconds.
omega = 0.000462602 entered
omega = 2.60844e-06 finished in 854.1060571630005 seconds.
omega = 2.61973e-06 entered
omega = 1.67184e-06 finished in 935.5211872430009 seconds.
omega = 1.67908e-06 entered
omega = 0.128003 finished in 851.2034677999982 seconds.
omega = 0.128557 entered
omega = 3.46622e-05 finished in 859.1686458479962 seconds.
omega = 3.48122e-05 entered
omega = 4.01734e-06 finished in 763.8096539769977 seconds.
omega = 4.03473e-06 entered
omega = 1.455e-05 finished in 823.0486258689998 seconds.
omega = 1.4613e-05 entered
omega = 0.0145186 finished in 797.5023736399962 seconds.
omega = 0.0145815 entered
omega = 0.00400868 finished in 709.2287675679981 seconds.
omega = 0.00402603 entered
omega = 0.0541975 finished in 688.5774425799973 seconds.
omega = 0.0544321 entered
omega = 6.13403e-06 finished in 870.0344622989942 seconds.
omega = 6.16058e-06 entered
omega = 0.000195025 finished in 859.9922231230012 seconds.
omega = 0.000195869 entered
omega = 0.0831117 finished in 756.7200227769936 seconds.
omega = 0.0834715 entered
omega = 0.00261407 finished in 886.4373303860048 seconds.
omega = 0.00262539 entered
omega = 0.302317 finished in 736.5824121609985 seconds.
omega = 0.303625 entered
omega = 0.00954979 finished in 787.5576999449986 seconds.
omega = 0.00959112 entered
omega = 0.000299071 finished in 771.8797812940029 seconds.
omega = 0.000300365 entered
omega = 0.193766 finished in 717.1520114520026 seconds.
omega = 0.194604 entered
omega = 0.0351901 finished in 711.8326799720016 seconds.
omega = 0.0353424 entered
omega = 2.26034e-05 finished in 619.5358455820024 seconds.
omega = 2.27012e-05 entered
omega = 1.09493e-06 finished in 810.428129863998 seconds.
omega = 1.09967e-06 entered
omega = 0.00625441 finished in 766.4480346609998 seconds.
omega = 0.00628148 entered
omega = 0.000124999 finished in 1885.7183735279978 seconds.
omega = 0.00012554 entered
omega = 0.00168271 finished in 1510.4694624620024 seconds.
omega = 0.00168999 entered
omega = 5.36155e-05 finished in 700.6208674700028 seconds.
omega = 5.38476e-05 entered
omega = 0.710933 finished in 802.3421236430004 seconds.
omega = 0.71401 entered
omega = 0.00110205 finished in 730.3689277520025 seconds.
omega = 0.00110682 entered
omega = 0.465609 finished in 621.3238520960003 seconds.
omega = 0.467624 entered
omega = 8.11609e-05 finished in 1885.231235788 seconds.
omega = 8.15121e-05 entered
omega = 0.0145815 finished in 636.8464839789958 seconds.
omega = 0.0146446 entered
omega = 0.000462602 finished in 733.9982582049997 seconds.
omega = 0.000464605 entered
omega = 0.0544321 finished in 631.3434795560024 seconds.
omega = 0.0546677 entered
omega = 4.03473e-06 finished in 698.5723789890035 seconds.
omega = 4.05219e-06 entered
omega = 0.128557 finished in 732.7980368799981 seconds.
omega = 0.129114 entered
omega = 1.67908e-06 finished in 774.9862181200006 seconds.
omega = 1.68634e-06 entered
omega = 2.61973e-06 finished in 798.5019381129969 seconds.
omega = 2.63106e-06 entered
omega = 0.00402603 finished in 723.968765398 seconds.
omega = 0.00404345 entered
omega = 0.000195869 finished in 697.9565159099948 seconds.
omega = 0.000196717 entered
omega = 0.194604 finished in 614.5806464489942 seconds.
omega = 0.195447 entered
omega = 6.16058e-06 finished in 740.7284627059998 seconds.
omega = 6.18725e-06 entered
omega = 3.48122e-05 finished in 830.7582939950007 seconds.
omega = 3.49629e-05 entered
omega = 0.303625 finished in 661.3565629069999 seconds.
omega = 0.30494 entered
omega = 0.00959112 finished in 652.047999264003 seconds.
omega = 0.00963263 entered
omega = 0.0834715 finished in 702.623278375002 seconds.
omega = 0.0838327 entered
omega = 0.0353424 finished in 630.2385004870011 seconds.
omega = 0.0354954 entered
omega = 0.000300365 finished in 734.7600216729988 seconds.
omega = 0.000301665 entered
omega = 1.4613e-05 finished in 944.9672888139976 seconds.
omega = 1.46762e-05 entered
omega = 1.09967e-06 finished in 655.3475444819996 seconds.
omega = 1.10443e-06 entered
omega = 0.000685309 finished in 1298.6144846989991 seconds.
omega = 0.000688275 entered
omega = 0.00628148 finished in 731.3505869569999 seconds.
omega = 0.00630867 entered
omega = 2.27012e-05 finished in 751.0586983539979 seconds.
omega = 2.27994e-05 entered
omega = 0.467624 finished in 628.7146104970016 seconds.
omega = 0.469648 entered
omega = 0.71401 finished in 700.8259381669995 seconds.
omega = 0.7171 entered
omega = 0.00110682 finished in 700.5093796530055 seconds.
omega = 0.00111161 entered
omega = 0.0146446 finished in 600.8863725849951 seconds.
omega = 0.014708 entered
omega = 9.24542e-06 finished in 1791.966713144997 seconds.
omega = 9.28544e-06 entered
omega = 5.38476e-05 finished in 843.9483513880041 seconds.
omega = 5.40806e-05 entered
omega = 1.68634e-06 finished in 634.2114728660017 seconds.
omega = 1.69364e-06 entered
omega = 0.000464605 finished in 752.5673088599942 seconds.
omega = 0.000466615 entered
omega = 0.129114 finished in 702.468820217 seconds.
omega = 0.129672 entered
omega = 0.30494 finished in 625.0957552659966 seconds.
omega = 0.306259 entered
omega = 3.49629e-05 finished in 625.5164271309986 seconds.
omega = 3.51142e-05 entered
omega = 0.0546677 finished in 746.1087361360042 seconds.
omega = 0.0549043 entered
omega = 2.63106e-06 finished in 715.6185025109953 seconds.
omega = 2.64245e-06 entered
omega = 0.195447 finished in 663.2358817350032 seconds.
omega = 0.196293 entered
omega = 0.0225546 finished in 1665.5007556490018 seconds.
omega = 0.0226522 entered
omega = 0.000196717 finished in 683.8628125619944 seconds.
omega = 0.000197568 entered
omega = 4.05219e-06 finished in 792.7210940040022 seconds.
omega = 4.06973e-06 entered
omega = 0.00404345 finished in 734.198246633001 seconds.
omega = 0.00406095 entered
omega = 0.000301665 finished in 593.006268649995 seconds.
omega = 0.000302971 entered
omega = 0.0838327 finished in 684.5634976410001 seconds.
omega = 0.0841956 entered
omega = 6.18725e-06 finished in 761.2890095440016 seconds.
omega = 6.21402e-06 entered
omega = 0.00963263 finished in 761.6152687950016 seconds.
omega = 0.00967432 entered
omega = 0.0354954 finished in 706.4276278060061 seconds.
omega = 0.035649 entered
omega = 1.46762e-05 finished in 684.5092109699981 seconds.
omega = 1.47398e-05 entered
omega = 1.10443e-06 finished in 599.2121377259973 seconds.
omega = 1.10921e-06 entered
omega = 0.00630867 finished in 697.1112978149977 seconds.
omega = 0.00633597 entered
omega = 0.469648 finished in 721.3100593479976 seconds.
omega = 0.471681 entered
omega = 0.00111161 finished in 674.1895525039945 seconds.
omega = 0.00111642 entered
omega = 2.27994e-05 finished in 758.6672650519977 seconds.
omega = 2.28981e-05 entered
omega = 0.7171 finished in 771.2453052970013 seconds.
omega = 0.720204 entered
omega = 0.014708 finished in 713.8117534330013 seconds.
omega = 0.0147716 entered
omega = 0.0549043 finished in 642.1753557280026 seconds.
omega = 0.0551419 entered
omega = 0.196293 finished in 620.331027955006 seconds.
omega = 0.197142 entered
omega = 1.69364e-06 finished in 752.5594552190014 seconds.
omega = 1.70097e-06 entered
omega = 0.00262539 finished in 2016.2598041250021 seconds.
omega = 0.00263675 entered
omega = 0.129672 finished in 751.2583475029969 seconds.
omega = 0.130234 entered
omega = 0.00168999 finished in 1740.5560074599998 seconds.
omega = 0.0016973 entered
omega = 2.64245e-06 finished in 727.4497009019979 seconds.
omega = 2.65389e-06 entered
omega = 0.000466615 finished in 782.0513985849975 seconds.
omega = 0.000468635 entered
omega = 3.51142e-05 finished in 762.6594851810005 seconds.
omega = 3.52662e-05 entered
omega = 4.06973e-06 finished in 709.1894256710002 seconds.
omega = 4.08734e-06 entered
omega = 5.40806e-05 finished in 899.5965241980011 seconds.
omega = 5.43147e-05 entered
omega = 0.0841956 finished in 702.5968992940034 seconds.
omega = 0.08456 entered
omega = 0.306259 finished in 793.9551637990007 seconds.
omega = 0.307585 entered
omega = 0.000197568 finished in 774.6232189339935 seconds.
omega = 0.000198423 entered
omega = 0.00012554 finished in 1836.4079723700052 seconds.
omega = 0.000126083 entered
omega = 6.21402e-06 finished in 714.4742020179983 seconds.
omega = 6.24092e-06 entered
omega = 0.00967432 finished in 713.3258364290014 seconds.
omega = 0.00971619 entered
omega = 0.00406095 finished in 804.6521606250026 seconds.
omega = 0.00407853 entered
omega = 1.47398e-05 finished in 686.2595105590008 seconds.
omega = 1.48035e-05 entered
omega = 0.035649 finished in 725.950255593998 seconds.
omega = 0.0358033 entered
omega = 8.15121e-05 finished in 1796.5302966560048 seconds.
omega = 8.18649e-05 entered
omega = 0.000302971 finished in 908.5852904519998 seconds.
omega = 0.000304282 entered
omega = 0.000688275 finished in 1292.116381765998 seconds.
omega = 0.000691254 entered
omega = 1.10921e-06 finished in 777.981235805004 seconds.
omega = 1.11401e-06 entered
omega = 0.0226522 finished in 1063.1102164569966 seconds.
omega = 0.0227503 entered
omega = 0.00633597 finished in 717.1463672620011 seconds.
omega = 0.00636339 entered
omega = 0.00111642 finished in 722.6471082469943 seconds.
omega = 0.00112125 entered
omega = 0.471681 finished in 726.0096745370029 seconds.
omega = 0.473722 entered
omega = 9.28544e-06 finished in 1398.308848032997 seconds.
omega = 9.32563e-06 entered
omega = 2.28981e-05 finished in 774.2714017520047 seconds.
omega = 2.29972e-05 entered
omega = 0.0147716 finished in 733.7728013910018 seconds.
omega = 0.0148355 entered
omega = 0.720204 finished in 762.8313017890032 seconds.
omega = 0.723321 entered
omega = 1.70097e-06 finished in 606.5810583460043 seconds.
omega = 1.70833e-06 entered
omega = 0.197142 finished in 657.8316508860007 seconds.
omega = 0.197995 entered
omega = 0.0551419 finished in 705.8475751120059 seconds.
omega = 0.0553806 entered
omega = 0.130234 finished in 696.396519189002 seconds.
omega = 0.130797 entered
omega = 2.65389e-06 finished in 710.345536847999 seconds.
omega = 2.66537e-06 entered
omega = 0.307585 finished in 667.6656211910013 seconds.
omega = 0.308916 entered
omega = 0.000468635 finished in 717.7902399820014 seconds.
omega = 0.000470663 entered
omega = 3.52662e-05 finished in 724.6842307240004 seconds.
omega = 3.54188e-05 entered
omega = 0.00971619 finished in 647.028365021004 seconds.
omega = 0.00975824 entered
omega = 4.08734e-06 finished in 742.9225647310013 seconds.
omega = 4.10503e-06 entered
omega = 5.43147e-05 finished in 730.8949701899983 seconds.
omega = 5.45497e-05 entered
omega = 1.48035e-05 finished in 639.6416777859995 seconds.
omega = 1.48676e-05 entered
omega = 0.0358033 finished in 650.5613166480034 seconds.
omega = 0.0359583 entered
omega = 6.24092e-06 finished in 721.7216868760006 seconds.
omega = 6.26793e-06 entered
omega = 0.08456 finished in 797.6814771939971 seconds.
omega = 0.0849259 entered
omega = 0.000198423 finished in 775.6494798790009 seconds.
omega = 0.000199282 entered
omega = 0.00407853 finished in 757.2044683639979 seconds.
omega = 0.00409618 entered
omega = 0.000304282 finished in 667.2775676610036 seconds.
omega = 0.000305599 entered
omega = 0.00636339 finished in 549.8150650019961 seconds.
omega = 0.00639093 entered
omega = 1.11401e-06 finished in 681.2182426930012 seconds.
omega = 1.11883e-06 entered
omega = 2.29972e-05 finished in 593.5634639130003 seconds.
omega = 2.30968e-05 entered
omega = 0.0148355 finished in 623.3494778889944 seconds.
omega = 0.0148998 entered
omega = 0.0227503 finished in 834.7581377139941 seconds.
omega = 0.0228487 entered
omega = 0.197995 finished in 633.394876367005 seconds.
omega = 0.198852 entered
omega = 0.00112125 finished in 781.3841092229995 seconds.
omega = 0.0011261 entered
omega = 0.473722 finished in 805.5418113420019 seconds.
omega = 0.475772 entered
omega = 0.00263675 finished in 1312.5157317160047 seconds.
omega = 0.00264816 entered
omega = 0.0016973 finished in 1291.5451375819976 seconds.
omega = 0.00170465 entered
omega = 1.70833e-06 finished in 773.5071209190064 seconds.
omega = 1.71573e-06 entered
omega = 0.0553806 finished in 723.0607296170056 seconds.
omega = 0.0556202 entered
omega = 0.308916 finished in 634.1587016060002 seconds.
omega = 0.310253 entered
omega = 0.723321 finished in 823.0270230149981 seconds.
omega = 0.726452 entered
omega = 0.130797 finished in 709.930185215002 seconds.
omega = 0.131363 entered
omega = 0.000470663 finished in 761.3867516989994 seconds.
omega = 0.0004727 entered
omega = 3.54188e-05 finished in 755.6223613360053 seconds.
omega = 3.55721e-05 entered
omega = 0.00975824 finished in 751.8334029179969 seconds.
omega = 0.00980048 entered
omega = 0.000691254 finished in 1276.8004332520068 seconds.
omega = 0.000694245 entered
omega = 6.26793e-06 finished in 717.136767472999 seconds.
omega = 6.29506e-06 entered
omega = 2.66537e-06 finished in 840.2075206320005 seconds.
omega = 2.67691e-06 entered
omega = 4.10503e-06 finished in 808.6941737560046 seconds.
omega = 4.1228e-06 entered
omega = 1.48676e-05 finished in 799.6676574719968 seconds.
omega = 1.4932e-05 entered
omega = 0.0359583 finished in 800.250613010001 seconds.
omega = 0.0361139 entered
omega = 5.45497e-05 finished in 879.8691251199998 seconds.
omega = 5.47858e-05 entered
omega = 0.00409618 finished in 767.3912253960007 seconds.
omega = 0.00411391 entered
omega = 0.0849259 finished in 826.520946618999 seconds.
omega = 0.0852935 entered
omega = 0.000126083 finished in 1578.7556635919973 seconds.
omega = 0.000126629 entered
omega = 0.000199282 finished in 832.5683152249985 seconds.
omega = 0.000200145 entered
omega = 0.00639093 finished in 791.1506564640003 seconds.
omega = 0.00641859 entered
omega = 8.18649e-05 finished in 1560.6206114899978 seconds.
omega = 8.22192e-05 entered
omega = 0.000305599 finished in 825.1688086579961 seconds.
omega = 0.000306921 entered
omega = 1.11883e-06 finished in 802.1674626240056 seconds.
omega = 1.12368e-06 entered
omega = 0.0228487 finished in 604.2865800899963 seconds.
omega = 0.0229476 entered
omega = 0.0011261 finished in 643.6908162300024 seconds.
omega = 0.00113098 entered
omega = 0.0148998 finished in 730.8264451759969 seconds.
omega = 0.0149642 entered
omega = 2.30968e-05 finished in 792.9019115990013 seconds.
omega = 2.31967e-05 entered
omega = 0.475772 finished in 721.915161015997 seconds.
omega = 0.477831 entered
omega = 0.198852 finished in 776.3426197730005 seconds.
omega = 0.199713 entered
omega = 9.32563e-06 finished in 1508.9515744610035 seconds.
omega = 9.36599e-06 entered
omega = 0.726452 finished in 709.517783837 seconds.
omega = 0.729596 entered
omega = 0.310253 finished in 750.1582994429991 seconds.
omega = 0.311596 entered
omega = 0.0556202 finished in 773.9689310160029 seconds.
omega = 0.055861 entered
omega = 1.71573e-06 finished in 789.2569609190032 seconds.
omega = 1.72315e-06 entered
omega = 0.131363 finished in 778.2255354570007 seconds.
omega = 0.131932 entered
omega = 0.0004727 finished in 692.8458559579958 seconds.
omega = 0.000474746 entered
omega = 0.0361139 finished in 627.7676418140036 seconds.
omega = 0.0362702 entered
omega = 3.55721e-05 finished in 740.8766612679974 seconds.
omega = 3.57261e-05 entered
omega = 6.29506e-06 finished in 719.3989666580019 seconds.
omega = 6.3223e-06 entered
omega = 0.00980048 finished in 749.5629121309976 seconds.
omega = 0.00984289 entered
omega = 5.47858e-05 finished in 640.7150082790031 seconds.
omega = 5.5023e-05 entered
omega = 0.00411391 finished in 653.9989257120033 seconds.
omega = 0.00413171 entered
omega = 4.1228e-06 finished in 765.7973703110038 seconds.
omega = 4.14064e-06 entered
omega = 0.000200145 finished in 728.413158440002 seconds.
omega = 0.000201011 entered
omega = 0.000306921 finished in 690.9904018239977 seconds.
omega = 0.00030825 entered
omega = 0.0852935 finished in 756.9811912709993 seconds.
omega = 0.0856626 entered
omega = 0.00641859 finished in 702.9322473939974 seconds.
omega = 0.00644637 entered
omega = 0.0229476 finished in 646.8980633020037 seconds.
omega = 0.0230469 entered
omega = 2.67691e-06 finished in 880.7816739339978 seconds.
omega = 2.68849e-06 entered
omega = 1.4932e-05 finished in 860.1642147360035 seconds.
omega = 1.49966e-05 entered
omega = 1.12368e-06 finished in 705.3136014740012 seconds.
omega = 1.12854e-06 entered
omega = 0.0149642 finished in 598.8828483849938 seconds.
omega = 0.015029 entered
omega = 0.199713 finished in 652.6086356509986 seconds.
omega = 0.200577 entered
omega = 0.477831 finished in 687.582804589998 seconds.
omega = 0.4799 entered
omega = 2.31967e-05 finished in 789.7817533260022 seconds.
omega = 2.32971e-05 entered
omega = 0.00264816 finished in 1394.6821450310017 seconds.
omega = 0.00265962 entered
omega = 0.00113098 finished in 896.2552512469993 seconds.
omega = 0.00113587 entered
omega = 0.311596 finished in 663.1224798200055 seconds.
omega = 0.312945 entered
omega = 0.00170465 finished in 1479.6634000199992 seconds.
omega = 0.00171203 entered
omega = 1.72315e-06 finished in 679.0699090780035 seconds.
omega = 1.73061e-06 entered
omega = 0.055861 finished in 735.4103263430006 seconds.
omega = 0.0561027 entered
omega = 0.000694245 finished in 1328.3756891670055 seconds.
omega = 0.00069725 entered
omega = 0.0362702 finished in 661.0914938130009 seconds.
omega = 0.0364272 entered
omega = 0.729596 finished in 827.4093705129999 seconds.
omega = 0.732753 entered
omega = 0.131932 finished in 752.7545156969936 seconds.
omega = 0.132503 entered
omega = 6.3223e-06 finished in 688.3938413180003 seconds.
omega = 6.34967e-06 entered
omega = 0.000474746 finished in 782.0325145250026 seconds.
omega = 0.000476801 entered
omega = 3.57261e-05 finished in 733.7517001239976 seconds.
omega = 3.58807e-05 entered
omega = 5.5023e-05 finished in 764.0264053290011 seconds.
omega = 5.52611e-05 entered
omega = 0.0856626 finished in 687.1533346299984 seconds.
omega = 0.0860334 entered
omega = 0.00644637 finished in 685.3160675969993 seconds.
omega = 0.00647427 entered
omega = 0.000126629 finished in 1443.618553170003 seconds.
omega = 0.000127177 entered
omega = 0.0230469 finished in 692.562840659004 seconds.
omega = 0.0231467 entered
omega = 0.000201011 finished in 736.5110639090053 seconds.
omega = 0.000201881 entered
omega = 0.00413171 finished in 848.7335372930029 seconds.
omega = 0.00414959 entered
omega = 0.00984289 finished in 896.8606327369998 seconds.
omega = 0.0098855 entered
omega = 4.14064e-06 finished in 825.6113278150005 seconds.
omega = 4.15856e-06 entered
omega = 0.00030825 finished in 757.6445853629994 seconds.
omega = 0.000309584 entered
omega = 2.68849e-06 finished in 770.7498029659982 seconds.
omega = 2.70013e-06 entered
omega = 0.015029 finished in 737.949229566002 seconds.
omega = 0.0150941 entered
omega = 1.12854e-06 finished in 802.7538303230031 seconds.
omega = 1.13342e-06 entered
omega = 0.200577 finished in 695.3380827899964 seconds.
omega = 0.201445 entered
omega = 1.49966e-05 finished in 878.6557343250024 seconds.
omega = 1.50615e-05 entered
omega = 0.4799 finished in 688.7477129959952 seconds.
omega = 0.481977 entered
omega = 8.22192e-05 finished in 1653.7224632900034 seconds.
omega = 8.25751e-05 entered
omega = 2.32971e-05 finished in 756.2867026780004 seconds.
omega = 2.3398e-05 entered
/data1/shankaras1/python_files/BLG/v3_RGF_BBG.py:235: IntegrationWarning: The integral is probably divergent, or slowly convergent.
  intlist = [quad(call_int,window[0],window[1],limit=200,epsabs=delta)[0] for window in ranges]
omega = 0.312945 finished in 771.6983117100026 seconds.
omega = 0.314299 entered
omega = 0.00113587 finished in 798.0046459520017 seconds.
omega = 0.00114079 entered
omega = 1.73061e-06 finished in 773.3221378660019 seconds.
omega = 1.7381e-06 entered
omega = 0.0364272 finished in 692.1249491759954 seconds.
omega = 0.0365848 entered
omega = 0.0561027 finished in 805.4408484960004 seconds.
omega = 0.0563456 entered
omega = 0.732753 finished in 807.6357247049964 seconds.
omega = 0.735925 entered
omega = 0.000476801 finished in 822.6619783710048 seconds.
omega = 0.000478864 entered
omega = 5.52611e-05 finished in 746.319884823999 seconds.
omega = 5.55003e-05 entered
omega = 3.58807e-05 finished in 849.3916665659999 seconds.
omega = 3.6036e-05 entered
omega = 6.34967e-06 finished in 875.8117761030007 seconds.
omega = 6.37715e-06 entered
omega = 0.0860334 finished in 730.9109461539992 seconds.
omega = 0.0864058 entered
omega = 0.00647427 finished in 736.7539581050005 seconds.
omega = 0.00650229 entered
omega = 0.0231467 finished in 796.8995134379948 seconds.
omega = 0.0232469 entered
omega = 0.132503 finished in 1002.8351645889998 seconds.
omega = 0.133076 entered
omega = 9.36599e-06 finished in 1920.3383925669987 seconds.
omega = 9.40652e-06 entered
omega = 0.201445 finished in 612.7123984729988 seconds.
omega = 0.202317 entered
omega = 4.15856e-06 finished in 783.0931910959989 seconds.
omega = 4.17656e-06 entered
omega = 0.000201881 finished in 820.7479050300026 seconds.
omega = 0.000202755 entered
omega = 0.0098855 finished in 822.4551406719984 seconds.
omega = 0.00992828 entered
omega = 2.70013e-06 finished in 793.0010275520035 seconds.
omega = 2.71182e-06 entered
omega = 0.0150941 finished in 816.5923149450027 seconds.
omega = 0.0151594 entered
omega = 0.000309584 finished in 883.6176641569982 seconds.
omega = 0.000310924 entered
omega = 1.50615e-05 finished in 824.5216404410021 seconds.
omega = 1.51267e-05 entered
omega = 0.481977 finished in 814.7710488360026 seconds.
omega = 0.484063 entered
omega = 1.13342e-06 finished in 899.0922734749984 seconds.
omega = 1.13833e-06 entered
omega = 0.0365848 finished in 639.9017460890027 seconds.
omega = 0.0367432 entered
omega = 0.00414959 finished in 1064.372364392002 seconds.
omega = 0.00416755 entered
omega = 0.314299 finished in 698.9229780679962 seconds.
omega = 0.315659 entered
omega = 0.00114079 finished in 711.0558020109966 seconds.
omega = 0.00114573 entered
omega = 0.00171203 finished in 1485.2920312210044 seconds.
omega = 0.00171944 entered
omega = 2.3398e-05 finished in 834.1190749859961 seconds.
omega = 2.34992e-05 entered
omega = 1.7381e-06 finished in 729.1625679589997 seconds.
omega = 1.74562e-06 entered
omega = 0.0563456 finished in 739.3368506000043 seconds.
omega = 0.0565894 entered
omega = 0.00069725 finished in 1571.188402990003 seconds.
omega = 0.000700268 entered
omega = 0.00265962 finished in 1750.6997882080032 seconds.
omega = 0.00267114 entered
omega = 6.37715e-06 finished in 677.3956628689994 seconds.
omega = 6.40475e-06 entered
omega = 0.735925 finished in 795.1946776580007 seconds.
omega = 0.73911 entered
omega = 3.6036e-05 finished in 711.9057691220005 seconds.
omega = 3.6192e-05 entered
omega = 5.55003e-05 finished in 749.4721593829963 seconds.
omega = 5.57405e-05 entered
omega = 0.133076 finished in 627.7032239850014 seconds.
omega = 0.133652 entered
omega = 0.0232469 finished in 644.0292816790025 seconds.
omega = 0.0233475 entered
omega = 0.0864058 finished in 730.7549062130056 seconds.
omega = 0.0867797 entered
omega = 0.00650229 finished in 733.3586298350056 seconds.
omega = 0.00653044 entered
omega = 0.202317 finished in 708.4847502109988 seconds.
omega = 0.203193 entered
omega = 0.000478864 finished in 852.0066485889984 seconds.
omega = 0.000480937 entered
omega = 0.000202755 finished in 732.5450609269974 seconds.
omega = 0.000203632 entered
omega = 0.00992828 finished in 722.653757787004 seconds.
omega = 0.00997125 entered
omega = 2.71182e-06 finished in 716.928410212 seconds.
omega = 2.72355e-06 entered
omega = 4.17656e-06 finished in 774.3187746580006 seconds.
omega = 4.19464e-06 entered
omega = 1.51267e-05 finished in 631.3810245010027 seconds.
omega = 1.51922e-05 entered
omega = 0.000310924 finished in 730.5868319839938 seconds.
omega = 0.000312269 entered
omega = 0.0367432 finished in 587.631837502995 seconds.
omega = 0.0369022 entered
omega = 0.0151594 finished in 798.3769572710007 seconds.
omega = 0.015225 entered
omega = 1.13833e-06 finished in 726.5124904900003 seconds.
omega = 1.14326e-06 entered
omega = 0.484063 finished in 746.534548251002 seconds.
omega = 0.486158 entered
omega = 0.315659 finished in 681.6192752119969 seconds.
omega = 0.317025 entered
omega = 1.74562e-06 finished in 628.5663958849982 seconds.
omega = 1.75318e-06 entered
omega = 0.00114573 finished in 668.0529341130023 seconds.
omega = 0.00115069 entered
omega = 0.0565894 finished in 582.1094414960025 seconds.
omega = 0.0568343 entered
omega = 0.000127177 finished in 1920.1600671699998 seconds.
omega = 0.000127727 entered
omega = 2.34992e-05 finished in 757.4059309939985 seconds.
omega = 2.36009e-05 entered
omega = 0.73911 finished in 633.7588141259985 seconds.
omega = 0.742309 entered
omega = 0.0867797 finished in 569.3448596580056 seconds.
omega = 0.0871553 entered
omega = 0.0233475 finished in 591.5425965510003 seconds.
omega = 0.0234485 entered
omega = 0.00653044 finished in 623.2844437500025 seconds.
omega = 0.0065587 entered
omega = 0.203193 finished in 622.4525209950007 seconds.
omega = 0.204072 entered
omega = 6.40475e-06 finished in 760.5333883200001 seconds.
omega = 6.43247e-06 entered
omega = 5.57405e-05 finished in 728.8934634129982 seconds.
omega = 5.59817e-05 entered
omega = 0.00997125 finished in 589.3243064490016 seconds.
omega = 0.0100144 entered
omega = 8.25751e-05 finished in 1933.1504886999974 seconds.
omega = 8.29325e-05 entered
omega = 0.000203632 finished in 624.7446889519997 seconds.
omega = 0.000204514 entered
omega = 3.6192e-05 finished in 780.8856299020044 seconds.
omega = 3.63486e-05 entered
omega = 0.133652 finished in 789.1997299280047 seconds.
omega = 0.134231 entered
omega = 0.000312269 finished in 585.2441442940035 seconds.
omega = 0.000313621 entered
omega = 0.015225 finished in 561.715149306001 seconds.
omega = 0.0152909 entered
omega = 4.19464e-06 finished in 666.6189326430031 seconds.
omega = 4.21279e-06 entered
omega = 2.72355e-06 finished in 681.3466146949941 seconds.
omega = 2.73534e-06 entered
omega = 1.51922e-05 finished in 691.1005919910021 seconds.
omega = 1.52579e-05 entered
omega = 0.00115069 finished in 573.0564283649946 seconds.
omega = 0.00115567 entered
omega = 0.0369022 finished in 703.3469544190011 seconds.
omega = 0.0370619 entered
omega = 1.14326e-06 finished in 628.9791725109972 seconds.
omega = 1.1482e-06 entered
omega = 0.000480937 finished in 888.7474315690051 seconds.
omega = 0.000483018 entered
omega = 0.486158 finished in 657.660986531002 seconds.
omega = 0.488262 entered
omega = 1.75318e-06 finished in 649.758772484005 seconds.
omega = 1.76077e-06 entered
omega = 0.317025 finished in 660.2760432620053 seconds.
omega = 0.318398 entered
omega = 0.000700268 finished in 1220.1234510219947 seconds.
omega = 0.000703299 entered
omega = 9.40652e-06 finished in 1765.3520099710004 seconds.
omega = 9.44724e-06 entered
omega = 0.0568343 finished in 741.1387397189974 seconds.
omega = 0.0570803 entered
omega = 2.36009e-05 finished in 707.7746915680036 seconds.
omega = 2.37031e-05 entered
omega = 0.0871553 finished in 610.8554470550007 seconds.
omega = 0.0875325 entered
omega = 0.0234485 finished in 664.2898532149993 seconds.
omega = 0.02355 entered
omega = 0.0065587 finished in 640.3507565639957 seconds.
omega = 0.00658709 entered
omega = 0.742309 finished in 767.8125385929961 seconds.
omega = 0.745521 entered
omega = 0.00171944 finished in 1676.7551236439976 seconds.
omega = 0.00172688 entered
omega = 5.59817e-05 finished in 711.956470709003 seconds.
omega = 5.6224e-05 entered
omega = 6.43247e-06 finished in 732.0831938660049 seconds.
omega = 6.46031e-06 entered
omega = 0.0100144 finished in 737.2969007289939 seconds.
omega = 0.0100577 entered
omega = 0.00416755 finished in 1813.1934871840058 seconds.
omega = 0.00418559 entered
omega = 0.204072 finished in 787.6291145249997 seconds.
omega = 0.204956 entered
omega = 0.134231 finished in 712.3643670179954 seconds.
omega = 0.134812 entered
omega = 0.0152909 finished in 705.2595523320051 seconds.
omega = 0.0153571 entered
omega = 0.000204514 finished in 777.6229738030015 seconds.
omega = 0.000205399 entered
omega = 3.63486e-05 finished in 820.6014204879975 seconds.
omega = 3.65059e-05 entered
omega = 4.21279e-06 finished in 755.3209714870027 seconds.
omega = 4.23103e-06 entered
omega = 0.00267114 finished in 1746.8366664939967 seconds.
omega = 0.0026827 entered
omega = 0.00115567 finished in 710.851381035005 seconds.
omega = 0.00116067 entered
omega = 2.73534e-06 finished in 820.9023187359999 seconds.
omega = 2.74718e-06 entered
omega = 0.000313621 finished in 857.5589592519973 seconds.
omega = 0.000314978 entered
omega = 1.1482e-06 finished in 737.294115333003 seconds.
omega = 1.15317e-06 entered
omega = 0.318398 finished in 677.8414446670067 seconds.
omega = 0.319776 entered
omega = 1.76077e-06 finished in 697.4882974780048 seconds.
omega = 1.76839e-06 entered
omega = 0.000483018 finished in 739.1011601069986 seconds.
omega = 0.000485109 entered
omega = 1.52579e-05 finished in 805.885096238002 seconds.
omega = 1.53239e-05 entered
omega = 0.488262 finished in 733.9621682090001 seconds.
omega = 0.490375 entered
omega = 0.0370619 finished in 791.2581936180068 seconds.
omega = 0.0372223 entered
omega = 0.0570803 finished in 700.2798461119964 seconds.
omega = 0.0573274 entered
omega = 0.0875325 finished in 656.5601558799972 seconds.
omega = 0.0879114 entered
omega = 0.02355 finished in 599.6582585150027 seconds.
omega = 0.0236519 entered
omega = 0.00658709 finished in 671.4678020879946 seconds.
omega = 0.0066156 entered
omega = 2.37031e-05 finished in 814.7801411280016 seconds.
omega = 2.38057e-05 entered
slurmstepd: error: *** JOB 2437376 ON node866 CANCELLED AT 2024-05-09T05:13:07 DUE TO TIME LIMIT ***
